[2025-08-10 09:48:14] [DEBUG] __main__ (pretrain_gr_ranking.py:37): successfully init logging
/usr/local/lib/python3.12/dist-packages/rapids_dask_dependency/dask_loader.py:36: DeprecationWarning: `TorchScript` support for functional optimizers is deprecated and will be removed in a future PyTorch release. Consider using the `torch.compile` optimizer instead.
  return importlib.import_module(spec.name)
NOTE! Installing ujson may make loading annotations faster.
[2025-08-10 09:48:23.443998] distributed env initialization done. Free cuda memory: 23622.44 MB
RankingGR(
  (_embedding_collection): ShardedEmbedding(
    (_model_parallel_embedding_collection): EmbeddingCollection(
      (embeddings): ModuleDict(
        (video_id): Embedding(10000000, 128)
        (user_id): Embedding(10000000, 128)
      )
    )
    (_data_parallel_embedding_collection): EmbeddingCollection(
      (embeddings): ModuleDict(
        (user_active_degree): Embedding(10, 128)
        (follow_user_num_range): Embedding(9, 128)
        (fans_user_num_range): Embedding(10, 128)
        (friend_user_num_range): Embedding(8, 128)
        (register_days_range): Embedding(8, 128)
        (action_weights): Embedding(226, 128)
      )
    )
  )
  (_hstu_block): HSTUBlock(
    (_preprocessor): HSTUBlockPreprocessor(
      (_positional_encoder): HSTUPositionalEncoder()
    )
    (_postprocessor): HSTUBlockPostprocessor()
    (_attention_layers): ModuleList(
      (0-1): 2 x HSTULayer(
        (_output_ln_dropout_mul): TPLayerNormMulDropout()
        (_linear_uvqk): TEColumnParallelLinear(in_features=128, out_features=2048, bias=True, TP=1)
        (_linear_proj): TERowParallelLinear(in_features=512, out_features=128, bias=False, TP=1)
        (_attn_func): FusedHSTUAttention()
      )
    )
  )
  (_mlp): MLP(
    (_mlp): Sequential(
      (0): Linear(in_features=128, out_features=512, bias=True)
      (1): ReLU()
      (2): Linear(in_features=512, out_features=8, bias=True)
      (3): Identity()
    )
  )
  (_loss_module): MultiTaskLossModule(
    (_loss_modules): BCEWithLogitsLoss()
  )
  (_metric_module): MultiClassificationTaskMetric(
    (_eval_metrics_modules): ModuleList(
      (0-7): 8 x BinaryAUROC()
    )
  )
)


table name |          | memory(MB) |             |         | hbm(MB)/cuda:0 |             |          |  dram(MB) |            
---------- | -------- | ---------- | ----------- | ------- | -------------- | ----------- | -------- | --------- | -----------
           | total    | embedding  | optim_state | total   | embedding      | optim_state | total    | embedding | optim_state
---------- | -------- | ---------- | ----------- | ------- | -------------- | ----------- | -------- | --------- | -----------
video_id   | 25165824 | 8388608    | 16777216    | 5000000 | 1666666        | 3333333     | 20165824 | 6721941   | 13443882   
user_id    | 25165824 | 8388608    | 16777216    | 5000000 | 1666666        | 3333333     | 20165824 | 6721941   | 13443882   
[2025-08-10 09:48:39] [WARNING] torchrec.distributed.utils (utils.py:429): Sharding Type is data_parallel, caching params will be ignored
[2025-08-10 09:48:39] [WARNING] torchrec.distributed.utils (utils.py:429): Sharding Type is data_parallel, caching params will be ignored
[2025-08-10 09:48:39] [WARNING] torchrec.distributed.utils (utils.py:429): Sharding Type is data_parallel, caching params will be ignored
[2025-08-10 09:48:39] [WARNING] torchrec.distributed.utils (utils.py:429): Sharding Type is data_parallel, caching params will be ignored
[2025-08-10 09:48:39] [WARNING] torchrec.distributed.utils (utils.py:429): Sharding Type is data_parallel, caching params will be ignored
[2025-08-10 09:48:39] [WARNING] torchrec.distributed.utils (utils.py:429): Sharding Type is data_parallel, caching params will be ignored
[2025-08-10 09:48:39.964448] [SequenceDataset] Filtered samples with short sequences: 5947 removed, 19063 remaining.
[2025-08-10 09:48:40.600323] [SequenceDataset] Filtered samples with short sequences: 5947 removed, 19063 remaining.
[2025-08-10 09:48:40.601133] model initialization done, start training. Free cuda memory: 14446.44 MB
[2025-08-10 09:48:40.602587] =========Training without time window============
Tensor is None: kv_cache
Tensor is None: kv_cache
/usr/local/lib/python3.12/dist-packages/torch/autograd/graph.py:825: UserWarning: fbgemm::dense_embedding_codegen_lookup_function: an autograd kernel was not registered to the Autograd key(s) but we are trying to backprop through it. This may lead to silently incorrect behavior. This behavior is deprecated and will be removed in a future version of PyTorch. If your operator is differentiable, please ensure you have registered an autograd kernel to the correct Autograd key (e.g. DispatchKey::Autograd, DispatchKey::CompositeImplicitAutograd). If your operator is not differentiable, or to squash this warning and use the previous behavior, please register torch::CppFunction::makeFallthrough() to DispatchKey::Autograd. (Triggered internally at /opt/pytorch/pytorch/torch/csrc/autograd/autograd_not_implemented_fallback.cpp:62.)
  return Variable._execution_engine.run_backward(  # Calls into the C++ engine to run the backward pass
Tensor is None: kv_cache
Tensor is None: kv_cache
Tensor is None: kv_cache
Tensor is None: kv_cache
Tensor is None: kv_cache
Tensor is None: kv_cache
Tensor is None: kv_cache
Tensor is None: kv_cache
Tensor is None: kv_cache
Tensor is None: kv_cache
Tensor is None: kv_cache
Tensor is None: kv_cache
Tensor is None: kv_cache
Tensor is None: kv_cache
Tensor is None: kv_cache
Tensor is None: kv_cache
Tensor is None: kv_cache
Tensor is None: kv_cache
[2025-08-10 09:48:48.922929] [train] [iter 9, tokens 6400, elapsed_time 7877.13 ms, achieved FLOPS 0.03 TFLOPS]: loss 3.392491
Tensor is None: kv_cache
Tensor is None: kv_cache
/usr/local/lib/python3.12/dist-packages/torchmetrics/utilities/prints.py:42: UserWarning: No positive samples in targets, true positive value should be meaningless. Returning zero tensor in true positive score
  warnings.warn(*args, **kwargs)  # noqa: B028
Tensor is None: kv_cache
Tensor is None: kv_cache
Tensor is None: kv_cache
Tensor is None: kv_cache
Tensor is None: kv_cache
Tensor is None: kv_cache
Tensor is None: kv_cache
Tensor is None: kv_cache
Tensor is None: kv_cache
Tensor is None: kv_cache
Tensor is None: kv_cache
Tensor is None: kv_cache
Tensor is None: kv_cache
Tensor is None: kv_cache
Tensor is None: kv_cache
Tensor is None: kv_cache
Tensor is None: kv_cache
Tensor is None: kv_cache
Tensor is None: kv_cache
Tensor is None: kv_cache
Tensor is None: kv_cache
Tensor is None: kv_cache
Tensor is None: kv_cache
Tensor is None: kv_cache
Tensor is None: kv_cache
Tensor is None: kv_cache
Tensor is None: kv_cache
Tensor is None: kv_cache
Tensor is None: kv_cache
Tensor is None: kv_cache
Tensor is None: kv_cache
Tensor is None: kv_cache
Tensor is None: kv_cache
Tensor is None: kv_cache
Tensor is None: kv_cache
Tensor is None: kv_cache
Tensor is None: kv_cache
Tensor is None: kv_cache
Tensor is None: kv_cache
Tensor is None: kv_cache
Tensor is None: kv_cache
Tensor is None: kv_cache
Tensor is None: kv_cache
Tensor is None: kv_cache
Tensor is None: kv_cache
Tensor is None: kv_cache
Tensor is None: kv_cache
Tensor is None: kv_cache
Tensor is None: kv_cache
Tensor is None: kv_cache
Tensor is None: kv_cache
Tensor is None: kv_cache
Tensor is None: kv_cache
Tensor is None: kv_cache
Tensor is None: kv_cache
Tensor is None: kv_cache
Tensor is None: kv_cache
Tensor is None: kv_cache
Tensor is None: kv_cache
Tensor is None: kv_cache
Tensor is None: kv_cache
Tensor is None: kv_cache
Tensor is None: kv_cache
Tensor is None: kv_cache
Tensor is None: kv_cache
Tensor is None: kv_cache
Tensor is None: kv_cache
Tensor is None: kv_cache
Tensor is None: kv_cache
Tensor is None: kv_cache
Tensor is None: kv_cache
Tensor is None: kv_cache
Tensor is None: kv_cache
Tensor is None: kv_cache
Tensor is None: kv_cache
Tensor is None: kv_cache
Tensor is None: kv_cache
Tensor is None: kv_cache
Tensor is None: kv_cache
Tensor is None: kv_cache
Tensor is None: kv_cache
Tensor is None: kv_cache
Tensor is None: kv_cache
Tensor is None: kv_cache
Tensor is None: kv_cache
Tensor is None: kv_cache
Tensor is None: kv_cache
Tensor is None: kv_cache
Tensor is None: kv_cache
Tensor is None: kv_cache
Tensor is None: kv_cache
Tensor is None: kv_cache
Tensor is None: kv_cache
Tensor is None: kv_cache
Tensor is None: kv_cache
Tensor is None: kv_cache
Tensor is None: kv_cache
Tensor is None: kv_cache
Tensor is None: kv_cache
Tensor is None: kv_cache
Tensor is None: kv_cache
Tensor is None: kv_cache
Tensor is None: kv_cache
Tensor is None: kv_cache
Tensor is None: kv_cache
Tensor is None: kv_cache
Tensor is None: kv_cache
Tensor is None: kv_cache
Tensor is None: kv_cache
Tensor is None: kv_cache
Tensor is None: kv_cache
Tensor is None: kv_cache
Tensor is None: kv_cache
Tensor is None: kv_cache
Tensor is None: kv_cache
Tensor is None: kv_cache
Tensor is None: kv_cache
Tensor is None: kv_cache
Tensor is None: kv_cache
Tensor is None: kv_cache
Tensor is None: kv_cache
Tensor is None: kv_cache
Tensor is None: kv_cache
Tensor is None: kv_cache
Tensor is None: kv_cache
Tensor is None: kv_cache
Tensor is None: kv_cache
Tensor is None: kv_cache
Tensor is None: kv_cache
Tensor is None: kv_cache
Tensor is None: kv_cache
Tensor is None: kv_cache
Tensor is None: kv_cache
Tensor is None: kv_cache
Tensor is None: kv_cache
Tensor is None: kv_cache
Tensor is None: kv_cache
Tensor is None: kv_cache
Tensor is None: kv_cache
Tensor is None: kv_cache
Tensor is None: kv_cache
Tensor is None: kv_cache
Tensor is None: kv_cache
Tensor is None: kv_cache
Tensor is None: kv_cache
Tensor is None: kv_cache
Tensor is None: kv_cache
Tensor is None: kv_cache
Tensor is None: kv_cache
Tensor is None: kv_cache
Tensor is None: kv_cache
Tensor is None: kv_cache
Tensor is None: kv_cache
Tensor is None: kv_cache
Tensor is None: kv_cache
Tensor is None: kv_cache
Tensor is None: kv_cache
Tensor is None: kv_cache
Tensor is None: kv_cache
Tensor is None: kv_cache
Tensor is None: kv_cache
Tensor is None: kv_cache
Tensor is None: kv_cache
Tensor is None: kv_cache
Tensor is None: kv_cache
Tensor is None: kv_cache
Tensor is None: kv_cache
Tensor is None: kv_cache
Tensor is None: kv_cache
Tensor is None: kv_cache
Tensor is None: kv_cache
Tensor is None: kv_cache
Tensor is None: kv_cache
Tensor is None: kv_cache
Tensor is None: kv_cache
Tensor is None: kv_cache
Tensor is None: kv_cache
Tensor is None: kv_cache
Tensor is None: kv_cache
Tensor is None: kv_cache
Tensor is None: kv_cache
Tensor is None: kv_cache
Tensor is None: kv_cache
Tensor is None: kv_cache
Tensor is None: kv_cache
Tensor is None: kv_cache
Tensor is None: kv_cache
Tensor is None: kv_cache
Tensor is None: kv_cache
Tensor is None: kv_cache
Tensor is None: kv_cache
Tensor is None: kv_cache
Tensor is None: kv_cache
Tensor is None: kv_cache
Tensor is None: kv_cache
Tensor is None: kv_cache
Tensor is None: kv_cache
Tensor is None: kv_cache
Tensor is None: kv_cache
Tensor is None: kv_cache
Tensor is None: kv_cache
Tensor is None: kv_cache
Tensor is None: kv_cache
Tensor is None: kv_cache
Tensor is None: kv_cache
Tensor is None: kv_cache
Tensor is None: kv_cache
Tensor is None: kv_cache
Tensor is None: kv_cache
Tensor is None: kv_cache
Tensor is None: kv_cache
Tensor is None: kv_cache
Tensor is None: kv_cache
Tensor is None: kv_cache
Tensor is None: kv_cache
Tensor is None: kv_cache
Tensor is None: kv_cache
Tensor is None: kv_cache
Tensor is None: kv_cache
Tensor is None: kv_cache
Tensor is None: kv_cache
Tensor is None: kv_cache
Tensor is None: kv_cache
Tensor is None: kv_cache
Tensor is None: kv_cache
Tensor is None: kv_cache
Tensor is None: kv_cache
Tensor is None: kv_cache
Tensor is None: kv_cache
Tensor is None: kv_cache
Tensor is None: kv_cache
Tensor is None: kv_cache
Tensor is None: kv_cache
Tensor is None: kv_cache
Tensor is None: kv_cache
Tensor is None: kv_cache
Tensor is None: kv_cache
Tensor is None: kv_cache
Tensor is None: kv_cache
Tensor is None: kv_cache
Tensor is None: kv_cache
Tensor is None: kv_cache
Tensor is None: kv_cache
Tensor is None: kv_cache
Tensor is None: kv_cache
Tensor is None: kv_cache
Tensor is None: kv_cache
Tensor is None: kv_cache
Tensor is None: kv_cache
Tensor is None: kv_cache
Tensor is None: kv_cache
Tensor is None: kv_cache
Tensor is None: kv_cache
Tensor is None: kv_cache
Tensor is None: kv_cache
Tensor is None: kv_cache
Tensor is None: kv_cache
Tensor is None: kv_cache
Tensor is None: kv_cache
Tensor is None: kv_cache
Tensor is None: kv_cache
Tensor is None: kv_cache
Tensor is None: kv_cache
Tensor is None: kv_cache
Tensor is None: kv_cache
Tensor is None: kv_cache
Tensor is None: kv_cache
Tensor is None: kv_cache
Tensor is None: kv_cache
Tensor is None: kv_cache
Tensor is None: kv_cache
Tensor is None: kv_cache
Tensor is None: kv_cache
Tensor is None: kv_cache
Tensor is None: kv_cache
Tensor is None: kv_cache
Tensor is None: kv_cache
Tensor is None: kv_cache
Tensor is None: kv_cache
Tensor is None: kv_cache
Tensor is None: kv_cache
Tensor is None: kv_cache
Tensor is None: kv_cache
Tensor is None: kv_cache
Tensor is None: kv_cache
Tensor is None: kv_cache
Tensor is None: kv_cache
Tensor is None: kv_cache
Tensor is None: kv_cache
Tensor is None: kv_cache
Tensor is None: kv_cache
Tensor is None: kv_cache
Tensor is None: kv_cache
Tensor is None: kv_cache
Tensor is None: kv_cache
Tensor is None: kv_cache
Tensor is None: kv_cache
Tensor is None: kv_cache
Tensor is None: kv_cache
Tensor is None: kv_cache
Tensor is None: kv_cache
Tensor is None: kv_cache
Tensor is None: kv_cache
Tensor is None: kv_cache
Tensor is None: kv_cache
Tensor is None: kv_cache
Tensor is None: kv_cache
Tensor is None: kv_cache
Tensor is None: kv_cache
Tensor is None: kv_cache
Tensor is None: kv_cache
Tensor is None: kv_cache
Tensor is None: kv_cache
Tensor is None: kv_cache
Tensor is None: kv_cache
Tensor is None: kv_cache
Tensor is None: kv_cache
Tensor is None: kv_cache
Tensor is None: kv_cache
Tensor is None: kv_cache
Tensor is None: kv_cache
Tensor is None: kv_cache
Tensor is None: kv_cache
Tensor is None: kv_cache
Tensor is None: kv_cache
Tensor is None: kv_cache
Tensor is None: kv_cache
Tensor is None: kv_cache
Tensor is None: kv_cache
Tensor is None: kv_cache
Tensor is None: kv_cache
Tensor is None: kv_cache
Tensor is None: kv_cache
Tensor is None: kv_cache
Tensor is None: kv_cache
Tensor is None: kv_cache
Tensor is None: kv_cache
Tensor is None: kv_cache
Tensor is None: kv_cache
Tensor is None: kv_cache
Tensor is None: kv_cache
Tensor is None: kv_cache
Tensor is None: kv_cache
Tensor is None: kv_cache
Tensor is None: kv_cache
Tensor is None: kv_cache
Tensor is None: kv_cache
Tensor is None: kv_cache
Tensor is None: kv_cache
Tensor is None: kv_cache
Tensor is None: kv_cache
Tensor is None: kv_cache
Tensor is None: kv_cache
Tensor is None: kv_cache
Tensor is None: kv_cache
Tensor is None: kv_cache
[2025-08-10 09:48:54.005365] [eval] [eval 5728 users]:
    Metrics.task0.AUC:0.653948
    Metrics.task1.AUC:0.470962
    Metrics.task2.AUC:0.570790
    Metrics.task3.AUC:0.465353
    Metrics.task4.AUC:0.503329
    Metrics.task5.AUC:0.461204
    Metrics.task6.AUC:0.633447
    Metrics.task7.AUC:0.581216
Tensor is None: kv_cache
Tensor is None: kv_cache
/usr/local/lib/python3.12/dist-packages/torch/autograd/graph.py:825: UserWarning: fbgemm::dense_embedding_codegen_lookup_function: an autograd kernel was not registered to the Autograd key(s) but we are trying to backprop through it. This may lead to silently incorrect behavior. This behavior is deprecated and will be removed in a future version of PyTorch. If your operator is differentiable, please ensure you have registered an autograd kernel to the correct Autograd key (e.g. DispatchKey::Autograd, DispatchKey::CompositeImplicitAutograd). If your operator is not differentiable, or to squash this warning and use the previous behavior, please register torch::CppFunction::makeFallthrough() to DispatchKey::Autograd. (Triggered internally at /opt/pytorch/pytorch/torch/csrc/autograd/autograd_not_implemented_fallback.cpp:62.)
  return Variable._execution_engine.run_backward(  # Calls into the C++ engine to run the backward pass
Tensor is None: kv_cache
Tensor is None: kv_cache
Tensor is None: kv_cache
Tensor is None: kv_cache
Tensor is None: kv_cache
Tensor is None: kv_cache
Tensor is None: kv_cache
Tensor is None: kv_cache
Tensor is None: kv_cache
Tensor is None: kv_cache
Tensor is None: kv_cache
Tensor is None: kv_cache
Tensor is None: kv_cache
Tensor is None: kv_cache
/usr/local/lib/python3.12/dist-packages/torch/autograd/graph.py:825: UserWarning: fbgemm::dense_embedding_codegen_lookup_function: an autograd kernel was not registered to the Autograd key(s) but we are trying to backprop through it. This may lead to silently incorrect behavior. This behavior is deprecated and will be removed in a future version of PyTorch. If your operator is differentiable, please ensure you have registered an autograd kernel to the correct Autograd key (e.g. DispatchKey::Autograd, DispatchKey::CompositeImplicitAutograd). If your operator is not differentiable, or to squash this warning and use the previous behavior, please register torch::CppFunction::makeFallthrough() to DispatchKey::Autograd. (Triggered internally at /opt/pytorch/pytorch/torch/csrc/autograd/autograd_not_implemented_fallback.cpp:62.)
  return Variable._execution_engine.run_backward(  # Calls into the C++ engine to run the backward pass
Tensor is None: kv_cache
Tensor is None: kv_cache
Tensor is None: kv_cache
Tensor is None: kv_cache
[2025-08-10 09:48:54.441275] [train] [iter 19, tokens 6400, elapsed_time 5960.80 ms, achieved FLOPS 0.03 TFLOPS]: loss 1.977738
Tensor is None: kv_cache
Tensor is None: kv_cache
/usr/local/lib/python3.12/dist-packages/torchmetrics/utilities/prints.py:42: UserWarning: No positive samples in targets, true positive value should be meaningless. Returning zero tensor in true positive score
  warnings.warn(*args, **kwargs)  # noqa: B028
Tensor is None: kv_cache
Tensor is None: kv_cache
Tensor is None: kv_cache
Tensor is None: kv_cache
Tensor is None: kv_cache
Tensor is None: kv_cache
Tensor is None: kv_cache
Tensor is None: kv_cache
Tensor is None: kv_cache
Tensor is None: kv_cache
Tensor is None: kv_cache
Tensor is None: kv_cache
Tensor is None: kv_cache
Tensor is None: kv_cache
Tensor is None: kv_cache
Tensor is None: kv_cache
Tensor is None: kv_cache
Tensor is None: kv_cache
Tensor is None: kv_cache
Tensor is None: kv_cache
Tensor is None: kv_cache
Tensor is None: kv_cache
Tensor is None: kv_cache
Tensor is None: kv_cache
Tensor is None: kv_cache
Tensor is None: kv_cache
Tensor is None: kv_cache
Tensor is None: kv_cache
Tensor is None: kv_cache
Tensor is None: kv_cache
Tensor is None: kv_cache
Tensor is None: kv_cache
Tensor is None: kv_cache
Tensor is None: kv_cache
Tensor is None: kv_cache
Tensor is None: kv_cache
Tensor is None: kv_cache
Tensor is None: kv_cache
Tensor is None: kv_cache
Tensor is None: kv_cache
Tensor is None: kv_cache
Tensor is None: kv_cache
Tensor is None: kv_cache
Tensor is None: kv_cache
Tensor is None: kv_cache
Tensor is None: kv_cache
Tensor is None: kv_cache
Tensor is None: kv_cache
Tensor is None: kv_cache
Tensor is None: kv_cache
Tensor is None: kv_cache
Tensor is None: kv_cache
Tensor is None: kv_cache
Tensor is None: kv_cache
Tensor is None: kv_cache
Tensor is None: kv_cache
Tensor is None: kv_cache
Tensor is None: kv_cache
Tensor is None: kv_cache
Tensor is None: kv_cache
Tensor is None: kv_cache
Tensor is None: kv_cache
Tensor is None: kv_cache
Tensor is None: kv_cache
Tensor is None: kv_cache
Tensor is None: kv_cache
Tensor is None: kv_cache
Tensor is None: kv_cache
Tensor is None: kv_cache
Tensor is None: kv_cache
Tensor is None: kv_cache
Tensor is None: kv_cache
Tensor is None: kv_cache
Tensor is None: kv_cache
Tensor is None: kv_cache
Tensor is None: kv_cache
Tensor is None: kv_cache
Tensor is None: kv_cache
Tensor is None: kv_cache
Tensor is None: kv_cache
Tensor is None: kv_cache
Tensor is None: kv_cache
Tensor is None: kv_cache
Tensor is None: kv_cache
Tensor is None: kv_cache
Tensor is None: kv_cache
Tensor is None: kv_cache
Tensor is None: kv_cache
Tensor is None: kv_cache
Tensor is None: kv_cache
Tensor is None: kv_cache
Tensor is None: kv_cache
Tensor is None: kv_cache
Tensor is None: kv_cache
Tensor is None: kv_cache
Tensor is None: kv_cache
Tensor is None: kv_cache
Tensor is None: kv_cache
Tensor is None: kv_cache
Tensor is None: kv_cache
Tensor is None: kv_cache
Tensor is None: kv_cache
Tensor is None: kv_cache
Tensor is None: kv_cache
Tensor is None: kv_cache
Tensor is None: kv_cache
Tensor is None: kv_cache
Tensor is None: kv_cache
Tensor is None: kv_cache
Tensor is None: kv_cache
Tensor is None: kv_cache
Tensor is None: kv_cache
Tensor is None: kv_cache
Tensor is None: kv_cache
Tensor is None: kv_cache
Tensor is None: kv_cache
Tensor is None: kv_cache
Tensor is None: kv_cache
Tensor is None: kv_cache
Tensor is None: kv_cache
Tensor is None: kv_cache
Tensor is None: kv_cache
Tensor is None: kv_cache
Tensor is None: kv_cache
Tensor is None: kv_cache
Tensor is None: kv_cache
Tensor is None: kv_cache
Tensor is None: kv_cache
Tensor is None: kv_cache
Tensor is None: kv_cache
Tensor is None: kv_cache
Tensor is None: kv_cache
Tensor is None: kv_cache
Tensor is None: kv_cache
Tensor is None: kv_cache
Tensor is None: kv_cache
Tensor is None: kv_cache
Tensor is None: kv_cache
Tensor is None: kv_cache
Tensor is None: kv_cache
Tensor is None: kv_cache
Tensor is None: kv_cache
Tensor is None: kv_cache
Tensor is None: kv_cache
Tensor is None: kv_cache
Tensor is None: kv_cache
Tensor is None: kv_cache
Tensor is None: kv_cache
Tensor is None: kv_cache
Tensor is None: kv_cache
Tensor is None: kv_cache
Tensor is None: kv_cache
Tensor is None: kv_cache
Tensor is None: kv_cache
Tensor is None: kv_cache
Tensor is None: kv_cache
Tensor is None: kv_cache
Tensor is None: kv_cache
Tensor is None: kv_cache
Tensor is None: kv_cache
Tensor is None: kv_cache
Tensor is None: kv_cache
Tensor is None: kv_cache
Tensor is None: kv_cache
Tensor is None: kv_cache
Tensor is None: kv_cache
Tensor is None: kv_cache
Tensor is None: kv_cache
Tensor is None: kv_cache
Tensor is None: kv_cache
Tensor is None: kv_cache
Tensor is None: kv_cache
Tensor is None: kv_cache
Tensor is None: kv_cache
Tensor is None: kv_cache
Tensor is None: kv_cache
Tensor is None: kv_cache
Tensor is None: kv_cache
Tensor is None: kv_cache
Tensor is None: kv_cache
Tensor is None: kv_cache
Tensor is None: kv_cache
Tensor is None: kv_cache
Tensor is None: kv_cache
Tensor is None: kv_cache
Tensor is None: kv_cache
Tensor is None: kv_cache
Tensor is None: kv_cache
Tensor is None: kv_cache
Tensor is None: kv_cache
Tensor is None: kv_cache
Tensor is None: kv_cache
Tensor is None: kv_cache
Tensor is None: kv_cache
Tensor is None: kv_cache
Tensor is None: kv_cache
Tensor is None: kv_cache
Tensor is None: kv_cache
Tensor is None: kv_cache
Tensor is None: kv_cache
Tensor is None: kv_cache
Tensor is None: kv_cache
Tensor is None: kv_cache
Tensor is None: kv_cache
Tensor is None: kv_cache
Tensor is None: kv_cache
Tensor is None: kv_cache
Tensor is None: kv_cache
Tensor is None: kv_cache
Tensor is None: kv_cache
Tensor is None: kv_cache
Tensor is None: kv_cache
Tensor is None: kv_cache
Tensor is None: kv_cache
Tensor is None: kv_cache
Tensor is None: kv_cache
Tensor is None: kv_cache
Tensor is None: kv_cache
Tensor is None: kv_cache
Tensor is None: kv_cache
Tensor is None: kv_cache
Tensor is None: kv_cache
Tensor is None: kv_cache
Tensor is None: kv_cache
Tensor is None: kv_cache
Tensor is None: kv_cache
Tensor is None: kv_cache
Tensor is None: kv_cache
Tensor is None: kv_cache
Tensor is None: kv_cache
Tensor is None: kv_cache
Tensor is None: kv_cache
Tensor is None: kv_cache
Tensor is None: kv_cache
Tensor is None: kv_cache
Tensor is None: kv_cache
Tensor is None: kv_cache
Tensor is None: kv_cache
Tensor is None: kv_cache
Tensor is None: kv_cache
Tensor is None: kv_cache
Tensor is None: kv_cache
Tensor is None: kv_cache
Tensor is None: kv_cache
Tensor is None: kv_cache
Tensor is None: kv_cache
Tensor is None: kv_cache
Tensor is None: kv_cache
Tensor is None: kv_cache
Tensor is None: kv_cache
Tensor is None: kv_cache
Tensor is None: kv_cache
Tensor is None: kv_cache
Tensor is None: kv_cache
Tensor is None: kv_cache
Tensor is None: kv_cache
Tensor is None: kv_cache
Tensor is None: kv_cache
Tensor is None: kv_cache
Tensor is None: kv_cache
Tensor is None: kv_cache
Tensor is None: kv_cache
Tensor is None: kv_cache
Tensor is None: kv_cache
Tensor is None: kv_cache
Tensor is None: kv_cache
Tensor is None: kv_cache
Tensor is None: kv_cache
Tensor is None: kv_cache
Tensor is None: kv_cache
Tensor is None: kv_cache
Tensor is None: kv_cache
Tensor is None: kv_cache
Tensor is None: kv_cache
Tensor is None: kv_cache
Tensor is None: kv_cache
Tensor is None: kv_cache
Tensor is None: kv_cache
Tensor is None: kv_cache
Tensor is None: kv_cache
Tensor is None: kv_cache
Tensor is None: kv_cache
Tensor is None: kv_cache
Tensor is None: kv_cache
Tensor is None: kv_cache
Tensor is None: kv_cache
Tensor is None: kv_cache
Tensor is None: kv_cache
Tensor is None: kv_cache
Tensor is None: kv_cache
Tensor is None: kv_cache
Tensor is None: kv_cache
Tensor is None: kv_cache
Tensor is None: kv_cache
Tensor is None: kv_cache
Tensor is None: kv_cache
Tensor is None: kv_cache
Tensor is None: kv_cache
Tensor is None: kv_cache
Tensor is None: kv_cache
Tensor is None: kv_cache
Tensor is None: kv_cache
Tensor is None: kv_cache
Tensor is None: kv_cache
Tensor is None: kv_cache
Tensor is None: kv_cache
Tensor is None: kv_cache
Tensor is None: kv_cache
Tensor is None: kv_cache
Tensor is None: kv_cache
Tensor is None: kv_cache
Tensor is None: kv_cache
Tensor is None: kv_cache
Tensor is None: kv_cache
Tensor is None: kv_cache
Tensor is None: kv_cache
Tensor is None: kv_cache
Tensor is None: kv_cache
Tensor is None: kv_cache
Tensor is None: kv_cache
Tensor is None: kv_cache
Tensor is None: kv_cache
Tensor is None: kv_cache
Tensor is None: kv_cache
Tensor is None: kv_cache
Tensor is None: kv_cache
Tensor is None: kv_cache
Tensor is None: kv_cache
Tensor is None: kv_cache
Tensor is None: kv_cache
Tensor is None: kv_cache
Tensor is None: kv_cache
Tensor is None: kv_cache
Tensor is None: kv_cache
Tensor is None: kv_cache
Tensor is None: kv_cache
Tensor is None: kv_cache
Tensor is None: kv_cache
Tensor is None: kv_cache
Tensor is None: kv_cache
Tensor is None: kv_cache
Tensor is None: kv_cache
Tensor is None: kv_cache
Tensor is None: kv_cache
Tensor is None: kv_cache
Tensor is None: kv_cache
Tensor is None: kv_cache
Tensor is None: kv_cache
Tensor is None: kv_cache
Tensor is None: kv_cache
Tensor is None: kv_cache
Tensor is None: kv_cache
Tensor is None: kv_cache
Tensor is None: kv_cache
Tensor is None: kv_cache
Tensor is None: kv_cache
[2025-08-10 09:48:57.552051] [eval] [eval 5728 users]:
    Metrics.task0.AUC:0.677648
    Metrics.task1.AUC:0.519590
    Metrics.task2.AUC:0.550801
    Metrics.task3.AUC:0.550888
    Metrics.task4.AUC:0.524184
    Metrics.task5.AUC:0.485047
    Metrics.task6.AUC:0.680786
    Metrics.task7.AUC:0.578172
Tensor is None: kv_cache
Tensor is None: kv_cache
Tensor is None: kv_cache
Tensor is None: kv_cache
Tensor is None: kv_cache
Tensor is None: kv_cache
Tensor is None: kv_cache
Tensor is None: kv_cache
Tensor is None: kv_cache
Tensor is None: kv_cache
Tensor is None: kv_cache
Tensor is None: kv_cache
Tensor is None: kv_cache
Tensor is None: kv_cache
Tensor is None: kv_cache
Tensor is None: kv_cache
Tensor is None: kv_cache
Tensor is None: kv_cache
Tensor is None: kv_cache
Tensor is None: kv_cache
[2025-08-10 09:48:57.774482] [train] [iter 29, tokens 6400, elapsed_time 3333.35 ms, achieved FLOPS 0.06 TFLOPS]: loss 1.763353
Tensor is None: kv_cache
Tensor is None: kv_cache
Tensor is None: kv_cache
Tensor is None: kv_cache
Tensor is None: kv_cache
Tensor is None: kv_cache
Tensor is None: kv_cache
Tensor is None: kv_cache
Tensor is None: kv_cache
Tensor is None: kv_cache
Tensor is None: kv_cache
Tensor is None: kv_cache
Tensor is None: kv_cache
Tensor is None: kv_cache
Tensor is None: kv_cache
Tensor is None: kv_cache
Tensor is None: kv_cache
Tensor is None: kv_cache
Tensor is None: kv_cache
Tensor is None: kv_cache
Tensor is None: kv_cache
Tensor is None: kv_cache
Tensor is None: kv_cache
Tensor is None: kv_cache
Tensor is None: kv_cache
Tensor is None: kv_cache
Tensor is None: kv_cache
Tensor is None: kv_cache
Tensor is None: kv_cache
Tensor is None: kv_cache
Tensor is None: kv_cache
Tensor is None: kv_cache
Tensor is None: kv_cache
Tensor is None: kv_cache
Tensor is None: kv_cache
Tensor is None: kv_cache
Tensor is None: kv_cache
Tensor is None: kv_cache
Tensor is None: kv_cache
Tensor is None: kv_cache
Tensor is None: kv_cache
Tensor is None: kv_cache
Tensor is None: kv_cache
Tensor is None: kv_cache
Tensor is None: kv_cache
Tensor is None: kv_cache
Tensor is None: kv_cache
Tensor is None: kv_cache
Tensor is None: kv_cache
Tensor is None: kv_cache
Tensor is None: kv_cache
Tensor is None: kv_cache
Tensor is None: kv_cache
Tensor is None: kv_cache
Tensor is None: kv_cache
Tensor is None: kv_cache
Tensor is None: kv_cache
Tensor is None: kv_cache
Tensor is None: kv_cache
Tensor is None: kv_cache
Tensor is None: kv_cache
Tensor is None: kv_cache
Tensor is None: kv_cache
Tensor is None: kv_cache
Tensor is None: kv_cache
Tensor is None: kv_cache
Tensor is None: kv_cache
Tensor is None: kv_cache
Tensor is None: kv_cache
Tensor is None: kv_cache
Tensor is None: kv_cache
Tensor is None: kv_cache
Tensor is None: kv_cache
Tensor is None: kv_cache
Tensor is None: kv_cache
Tensor is None: kv_cache
Tensor is None: kv_cache
Tensor is None: kv_cache
Tensor is None: kv_cache
Tensor is None: kv_cache
Tensor is None: kv_cache
Tensor is None: kv_cache
Tensor is None: kv_cache
Tensor is None: kv_cache
Tensor is None: kv_cache
Tensor is None: kv_cache
Tensor is None: kv_cache
Tensor is None: kv_cache
Tensor is None: kv_cache
Tensor is None: kv_cache
Tensor is None: kv_cache
Tensor is None: kv_cache
Tensor is None: kv_cache
Tensor is None: kv_cache
Tensor is None: kv_cache
Tensor is None: kv_cache
Tensor is None: kv_cache
Tensor is None: kv_cache
Tensor is None: kv_cache
Tensor is None: kv_cache
Tensor is None: kv_cache
Tensor is None: kv_cache
Tensor is None: kv_cache
Tensor is None: kv_cache
Tensor is None: kv_cache
Tensor is None: kv_cache
Tensor is None: kv_cache
Tensor is None: kv_cache
Tensor is None: kv_cache
Tensor is None: kv_cache
Tensor is None: kv_cache
Tensor is None: kv_cache
Tensor is None: kv_cache
Tensor is None: kv_cache
Tensor is None: kv_cache
Tensor is None: kv_cache
Tensor is None: kv_cache
Tensor is None: kv_cache
Tensor is None: kv_cache
Tensor is None: kv_cache
Tensor is None: kv_cache
Tensor is None: kv_cache
Tensor is None: kv_cache
Tensor is None: kv_cache
Tensor is None: kv_cache
Tensor is None: kv_cache
Tensor is None: kv_cache
Tensor is None: kv_cache
Tensor is None: kv_cache
Tensor is None: kv_cache
Tensor is None: kv_cache
Tensor is None: kv_cache
Tensor is None: kv_cache
Tensor is None: kv_cache
Tensor is None: kv_cache
Tensor is None: kv_cache
Tensor is None: kv_cache
Tensor is None: kv_cache
Tensor is None: kv_cache
Tensor is None: kv_cache
Tensor is None: kv_cache
Tensor is None: kv_cache
Tensor is None: kv_cache
Tensor is None: kv_cache
Tensor is None: kv_cache
Tensor is None: kv_cache
Tensor is None: kv_cache
Tensor is None: kv_cache
Tensor is None: kv_cache
Tensor is None: kv_cache
Tensor is None: kv_cache
Tensor is None: kv_cache
Tensor is None: kv_cache
Tensor is None: kv_cache
Tensor is None: kv_cache
Tensor is None: kv_cache
Tensor is None: kv_cache
Tensor is None: kv_cache
Tensor is None: kv_cache
Tensor is None: kv_cache
Tensor is None: kv_cache
Tensor is None: kv_cache
Tensor is None: kv_cache
Tensor is None: kv_cache
Tensor is None: kv_cache
Tensor is None: kv_cache
Tensor is None: kv_cache
Tensor is None: kv_cache
Tensor is None: kv_cache
Tensor is None: kv_cache
Tensor is None: kv_cache
Tensor is None: kv_cache
Tensor is None: kv_cache
Tensor is None: kv_cache
Tensor is None: kv_cache
Tensor is None: kv_cache
Tensor is None: kv_cache
Tensor is None: kv_cache
Tensor is None: kv_cache
Tensor is None: kv_cache
Tensor is None: kv_cache
Tensor is None: kv_cache
Tensor is None: kv_cache
Tensor is None: kv_cache
Tensor is None: kv_cache
Tensor is None: kv_cache
Tensor is None: kv_cache
Tensor is None: kv_cache
Tensor is None: kv_cache
Tensor is None: kv_cache
Tensor is None: kv_cache
Tensor is None: kv_cache
Tensor is None: kv_cache
Tensor is None: kv_cache
Tensor is None: kv_cache
Tensor is None: kv_cache
Tensor is None: kv_cache
Tensor is None: kv_cache
Tensor is None: kv_cache
Tensor is None: kv_cache
Tensor is None: kv_cache
Tensor is None: kv_cache
Tensor is None: kv_cache
Tensor is None: kv_cache
Tensor is None: kv_cache
Tensor is None: kv_cache
Tensor is None: kv_cache
Tensor is None: kv_cache
Tensor is None: kv_cache
Tensor is None: kv_cache
Tensor is None: kv_cache
Tensor is None: kv_cache
Tensor is None: kv_cache
Tensor is None: kv_cache
Tensor is None: kv_cache
Tensor is None: kv_cache
Tensor is None: kv_cache
Tensor is None: kv_cache
Tensor is None: kv_cache
Tensor is None: kv_cache
Tensor is None: kv_cache
Tensor is None: kv_cache
Tensor is None: kv_cache
Tensor is None: kv_cache
Tensor is None: kv_cache
Tensor is None: kv_cache
Tensor is None: kv_cache
Tensor is None: kv_cache
Tensor is None: kv_cache
Tensor is None: kv_cache
Tensor is None: kv_cache
Tensor is None: kv_cache
Tensor is None: kv_cache
Tensor is None: kv_cache
Tensor is None: kv_cache
Tensor is None: kv_cache
Tensor is None: kv_cache
Tensor is None: kv_cache
Tensor is None: kv_cache
Tensor is None: kv_cache
Tensor is None: kv_cache
Tensor is None: kv_cache
Tensor is None: kv_cache
Tensor is None: kv_cache
Tensor is None: kv_cache
Tensor is None: kv_cache
Tensor is None: kv_cache
Tensor is None: kv_cache
Tensor is None: kv_cache
Tensor is None: kv_cache
Tensor is None: kv_cache
Tensor is None: kv_cache
Tensor is None: kv_cache
Tensor is None: kv_cache
Tensor is None: kv_cache
Tensor is None: kv_cache
Tensor is None: kv_cache
Tensor is None: kv_cache
Tensor is None: kv_cache
Tensor is None: kv_cache
Tensor is None: kv_cache
Tensor is None: kv_cache
Tensor is None: kv_cache
Tensor is None: kv_cache
Tensor is None: kv_cache
Tensor is None: kv_cache
Tensor is None: kv_cache
Tensor is None: kv_cache
Tensor is None: kv_cache
Tensor is None: kv_cache
Tensor is None: kv_cache
Tensor is None: kv_cache
Tensor is None: kv_cache
Tensor is None: kv_cache
Tensor is None: kv_cache
Tensor is None: kv_cache
Tensor is None: kv_cache
Tensor is None: kv_cache
Tensor is None: kv_cache
Tensor is None: kv_cache
Tensor is None: kv_cache
Tensor is None: kv_cache
Tensor is None: kv_cache
Tensor is None: kv_cache
Tensor is None: kv_cache
Tensor is None: kv_cache
Tensor is None: kv_cache
Tensor is None: kv_cache
Tensor is None: kv_cache
Tensor is None: kv_cache
Tensor is None: kv_cache
Tensor is None: kv_cache
Tensor is None: kv_cache
Tensor is None: kv_cache
Tensor is None: kv_cache
Tensor is None: kv_cache
Tensor is None: kv_cache
Tensor is None: kv_cache
Tensor is None: kv_cache
Tensor is None: kv_cache
Tensor is None: kv_cache
Tensor is None: kv_cache
Tensor is None: kv_cache
Tensor is None: kv_cache
Tensor is None: kv_cache
Tensor is None: kv_cache
Tensor is None: kv_cache
Tensor is None: kv_cache
Tensor is None: kv_cache
Tensor is None: kv_cache
Tensor is None: kv_cache
Tensor is None: kv_cache
Tensor is None: kv_cache
Tensor is None: kv_cache
Tensor is None: kv_cache
Tensor is None: kv_cache
Tensor is None: kv_cache
Tensor is None: kv_cache
Tensor is None: kv_cache
Tensor is None: kv_cache
Tensor is None: kv_cache
Tensor is None: kv_cache
Tensor is None: kv_cache
Tensor is None: kv_cache
Tensor is None: kv_cache
Tensor is None: kv_cache
Tensor is None: kv_cache
Tensor is None: kv_cache
Tensor is None: kv_cache
Tensor is None: kv_cache
Tensor is None: kv_cache
Tensor is None: kv_cache
Tensor is None: kv_cache
Tensor is None: kv_cache
Tensor is None: kv_cache
Tensor is None: kv_cache
Tensor is None: kv_cache
Tensor is None: kv_cache
Tensor is None: kv_cache
Tensor is None: kv_cache
Tensor is None: kv_cache
Tensor is None: kv_cache
Tensor is None: kv_cache
Tensor is None: kv_cache
Tensor is None: kv_cache
Tensor is None: kv_cache
Tensor is None: kv_cache
Tensor is None: kv_cache
Tensor is None: kv_cache
Tensor is None: kv_cache
Tensor is None: kv_cache
Tensor is None: kv_cache
Tensor is None: kv_cache
Tensor is None: kv_cache
Tensor is None: kv_cache
Tensor is None: kv_cache
Tensor is None: kv_cache
Tensor is None: kv_cache
[2025-08-10 09:49:00.888101] [eval] [eval 5728 users]:
    Metrics.task0.AUC:0.678397
    Metrics.task1.AUC:0.519511
    Metrics.task2.AUC:0.577292
    Metrics.task3.AUC:0.512866
    Metrics.task4.AUC:0.595964
    Metrics.task5.AUC:0.467115
    Metrics.task6.AUC:0.677557
    Metrics.task7.AUC:0.558069
Tensor is None: kv_cache
Tensor is None: kv_cache
Tensor is None: kv_cache
Tensor is None: kv_cache
Tensor is None: kv_cache
Tensor is None: kv_cache
Tensor is None: kv_cache
Tensor is None: kv_cache
Tensor is None: kv_cache
Tensor is None: kv_cache
Tensor is None: kv_cache
Tensor is None: kv_cache
Tensor is None: kv_cache
Tensor is None: kv_cache
Tensor is None: kv_cache
Tensor is None: kv_cache
Tensor is None: kv_cache
Tensor is None: kv_cache
Tensor is None: kv_cache
Tensor is None: kv_cache
[2025-08-10 09:49:01.162341] [train] [iter 39, tokens 6400, elapsed_time 3387.75 ms, achieved FLOPS 0.06 TFLOPS]: loss 1.550012
Tensor is None: kv_cache
Tensor is None: kv_cache
Tensor is None: kv_cache
Tensor is None: kv_cache
Tensor is None: kv_cache
Tensor is None: kv_cache
Tensor is None: kv_cache
Tensor is None: kv_cache
Tensor is None: kv_cache
Tensor is None: kv_cache
Tensor is None: kv_cache
Tensor is None: kv_cache
Tensor is None: kv_cache
Tensor is None: kv_cache
Tensor is None: kv_cache
Tensor is None: kv_cache
Tensor is None: kv_cache
Tensor is None: kv_cache
Tensor is None: kv_cache
Tensor is None: kv_cache
Tensor is None: kv_cache
Tensor is None: kv_cache
Tensor is None: kv_cache
Tensor is None: kv_cache
Tensor is None: kv_cache
Tensor is None: kv_cache
Tensor is None: kv_cache
Tensor is None: kv_cache
Tensor is None: kv_cache
Tensor is None: kv_cache
Tensor is None: kv_cache
Tensor is None: kv_cache
Tensor is None: kv_cache
Tensor is None: kv_cache
Tensor is None: kv_cache
Tensor is None: kv_cache
Tensor is None: kv_cache
Tensor is None: kv_cache
Tensor is None: kv_cache
Tensor is None: kv_cache
Tensor is None: kv_cache
Tensor is None: kv_cache
Tensor is None: kv_cache
Tensor is None: kv_cache
Tensor is None: kv_cache
Tensor is None: kv_cache
Tensor is None: kv_cache
Tensor is None: kv_cache
Tensor is None: kv_cache
Tensor is None: kv_cache
Tensor is None: kv_cache
Tensor is None: kv_cache
Tensor is None: kv_cache
Tensor is None: kv_cache
Tensor is None: kv_cache
Tensor is None: kv_cache
Tensor is None: kv_cache
Tensor is None: kv_cache
Tensor is None: kv_cache
Tensor is None: kv_cache
Tensor is None: kv_cache
Tensor is None: kv_cache
Tensor is None: kv_cache
Tensor is None: kv_cache
Tensor is None: kv_cache
Tensor is None: kv_cache
Tensor is None: kv_cache
Tensor is None: kv_cache
Tensor is None: kv_cache
Tensor is None: kv_cache
Tensor is None: kv_cache
Tensor is None: kv_cache
Tensor is None: kv_cache
Tensor is None: kv_cache
Tensor is None: kv_cache
Tensor is None: kv_cache
Tensor is None: kv_cache
Tensor is None: kv_cache
Tensor is None: kv_cache
Tensor is None: kv_cache
Tensor is None: kv_cache
Tensor is None: kv_cache
Tensor is None: kv_cache
Tensor is None: kv_cache
Tensor is None: kv_cache
Tensor is None: kv_cache
Tensor is None: kv_cache
Tensor is None: kv_cache
Tensor is None: kv_cache
Tensor is None: kv_cache
Tensor is None: kv_cache
Tensor is None: kv_cache
Tensor is None: kv_cache
Tensor is None: kv_cache
Tensor is None: kv_cache
Tensor is None: kv_cache
Tensor is None: kv_cache
Tensor is None: kv_cache
Tensor is None: kv_cache
Tensor is None: kv_cache
Tensor is None: kv_cache
Tensor is None: kv_cache
Tensor is None: kv_cache
Tensor is None: kv_cache
Tensor is None: kv_cache
Tensor is None: kv_cache
Tensor is None: kv_cache
Tensor is None: kv_cache
Tensor is None: kv_cache
Tensor is None: kv_cache
Tensor is None: kv_cache
Tensor is None: kv_cache
Tensor is None: kv_cache
Tensor is None: kv_cache
Tensor is None: kv_cache
Tensor is None: kv_cache
Tensor is None: kv_cache
Tensor is None: kv_cache
Tensor is None: kv_cache
Tensor is None: kv_cache
Tensor is None: kv_cache
Tensor is None: kv_cache
Tensor is None: kv_cache
Tensor is None: kv_cache
Tensor is None: kv_cache
Tensor is None: kv_cache
Tensor is None: kv_cache
Tensor is None: kv_cache
Tensor is None: kv_cache
Tensor is None: kv_cache
Tensor is None: kv_cache
Tensor is None: kv_cache
Tensor is None: kv_cache
Tensor is None: kv_cache
Tensor is None: kv_cache
Tensor is None: kv_cache
Tensor is None: kv_cache
Tensor is None: kv_cache
Tensor is None: kv_cache
Tensor is None: kv_cache
Tensor is None: kv_cache
Tensor is None: kv_cache
Tensor is None: kv_cache
Tensor is None: kv_cache
Tensor is None: kv_cache
Tensor is None: kv_cache
Tensor is None: kv_cache
Tensor is None: kv_cache
Tensor is None: kv_cache
Tensor is None: kv_cache
Tensor is None: kv_cache
Tensor is None: kv_cache
Tensor is None: kv_cache
Tensor is None: kv_cache
Tensor is None: kv_cache
Tensor is None: kv_cache
Tensor is None: kv_cache
Tensor is None: kv_cache
Tensor is None: kv_cache
Tensor is None: kv_cache
Tensor is None: kv_cache
Tensor is None: kv_cache
Tensor is None: kv_cache
Tensor is None: kv_cache
Tensor is None: kv_cache
Tensor is None: kv_cache
Tensor is None: kv_cache
Tensor is None: kv_cache
Tensor is None: kv_cache
Tensor is None: kv_cache
Tensor is None: kv_cache
Tensor is None: kv_cache
Tensor is None: kv_cache
Tensor is None: kv_cache
Tensor is None: kv_cache
Tensor is None: kv_cache
Tensor is None: kv_cache
Tensor is None: kv_cache
Tensor is None: kv_cache
Tensor is None: kv_cache
Tensor is None: kv_cache
Tensor is None: kv_cache
Tensor is None: kv_cache
Tensor is None: kv_cache
Tensor is None: kv_cache
Tensor is None: kv_cache
Tensor is None: kv_cache
Tensor is None: kv_cache
Tensor is None: kv_cache
Tensor is None: kv_cache
Tensor is None: kv_cache
Tensor is None: kv_cache
Tensor is None: kv_cache
Tensor is None: kv_cache
Tensor is None: kv_cache
Tensor is None: kv_cache
Tensor is None: kv_cache
Tensor is None: kv_cache
Tensor is None: kv_cache
Tensor is None: kv_cache
Tensor is None: kv_cache
Tensor is None: kv_cache
Tensor is None: kv_cache
Tensor is None: kv_cache
Tensor is None: kv_cache
Tensor is None: kv_cache
Tensor is None: kv_cache
Tensor is None: kv_cache
Tensor is None: kv_cache
Tensor is None: kv_cache
Tensor is None: kv_cache
Tensor is None: kv_cache
Tensor is None: kv_cache
Tensor is None: kv_cache
Tensor is None: kv_cache
Tensor is None: kv_cache
Tensor is None: kv_cache
Tensor is None: kv_cache
Tensor is None: kv_cache
Tensor is None: kv_cache
Tensor is None: kv_cache
Tensor is None: kv_cache
Tensor is None: kv_cache
Tensor is None: kv_cache
Tensor is None: kv_cache
Tensor is None: kv_cache
Tensor is None: kv_cache
Tensor is None: kv_cache
Tensor is None: kv_cache
Tensor is None: kv_cache
Tensor is None: kv_cache
Tensor is None: kv_cache
Tensor is None: kv_cache
Tensor is None: kv_cache
Tensor is None: kv_cache
Tensor is None: kv_cache
Tensor is None: kv_cache
Tensor is None: kv_cache
Tensor is None: kv_cache
Tensor is None: kv_cache
Tensor is None: kv_cache
Tensor is None: kv_cache
Tensor is None: kv_cache
Tensor is None: kv_cache
Tensor is None: kv_cache
Tensor is None: kv_cache
Tensor is None: kv_cache
Tensor is None: kv_cache
Tensor is None: kv_cache
Tensor is None: kv_cache
Tensor is None: kv_cache
Tensor is None: kv_cache
Tensor is None: kv_cache
Tensor is None: kv_cache
Tensor is None: kv_cache
Tensor is None: kv_cache
Tensor is None: kv_cache
Tensor is None: kv_cache
Tensor is None: kv_cache
Tensor is None: kv_cache
Tensor is None: kv_cache
Tensor is None: kv_cache
Tensor is None: kv_cache
Tensor is None: kv_cache
Tensor is None: kv_cache
Tensor is None: kv_cache
Tensor is None: kv_cache
Tensor is None: kv_cache
Tensor is None: kv_cache
Tensor is None: kv_cache
Tensor is None: kv_cache
Tensor is None: kv_cache
Tensor is None: kv_cache
Tensor is None: kv_cache
Tensor is None: kv_cache
Tensor is None: kv_cache
Tensor is None: kv_cache
Tensor is None: kv_cache
Tensor is None: kv_cache
Tensor is None: kv_cache
Tensor is None: kv_cache
Tensor is None: kv_cache
Tensor is None: kv_cache
Tensor is None: kv_cache
Tensor is None: kv_cache
Tensor is None: kv_cache
Tensor is None: kv_cache
Tensor is None: kv_cache
Tensor is None: kv_cache
Tensor is None: kv_cache
Tensor is None: kv_cache
Tensor is None: kv_cache
Tensor is None: kv_cache
Tensor is None: kv_cache
Tensor is None: kv_cache
Tensor is None: kv_cache
Tensor is None: kv_cache
Tensor is None: kv_cache
Tensor is None: kv_cache
Tensor is None: kv_cache
Tensor is None: kv_cache
Tensor is None: kv_cache
Tensor is None: kv_cache
Tensor is None: kv_cache
Tensor is None: kv_cache
Tensor is None: kv_cache
Tensor is None: kv_cache
Tensor is None: kv_cache
Tensor is None: kv_cache
Tensor is None: kv_cache
Tensor is None: kv_cache
Tensor is None: kv_cache
Tensor is None: kv_cache
Tensor is None: kv_cache
Tensor is None: kv_cache
Tensor is None: kv_cache
Tensor is None: kv_cache
Tensor is None: kv_cache
Tensor is None: kv_cache
Tensor is None: kv_cache
Tensor is None: kv_cache
Tensor is None: kv_cache
Tensor is None: kv_cache
Tensor is None: kv_cache
Tensor is None: kv_cache
Tensor is None: kv_cache
Tensor is None: kv_cache
Tensor is None: kv_cache
Tensor is None: kv_cache
Tensor is None: kv_cache
Tensor is None: kv_cache
Tensor is None: kv_cache
Tensor is None: kv_cache
Tensor is None: kv_cache
Tensor is None: kv_cache
Tensor is None: kv_cache
Tensor is None: kv_cache
Tensor is None: kv_cache
Tensor is None: kv_cache
Tensor is None: kv_cache
Tensor is None: kv_cache
Tensor is None: kv_cache
Tensor is None: kv_cache
Tensor is None: kv_cache
Tensor is None: kv_cache
Tensor is None: kv_cache
Tensor is None: kv_cache
Tensor is None: kv_cache
Tensor is None: kv_cache
Tensor is None: kv_cache
Tensor is None: kv_cache
Tensor is None: kv_cache
Tensor is None: kv_cache
Tensor is None: kv_cache
Tensor is None: kv_cache
Tensor is None: kv_cache
Tensor is None: kv_cache
Tensor is None: kv_cache
[2025-08-10 09:49:04.278391] [eval] [eval 5728 users]:
    Metrics.task0.AUC:0.681458
    Metrics.task1.AUC:0.556793
    Metrics.task2.AUC:0.576856
    Metrics.task3.AUC:0.532068
    Metrics.task4.AUC:0.609353
    Metrics.task5.AUC:0.500954
    Metrics.task6.AUC:0.682410
    Metrics.task7.AUC:0.560405
Tensor is None: kv_cache
Tensor is None: kv_cache
Tensor is None: kv_cache
Tensor is None: kv_cache
Tensor is None: kv_cache
Tensor is None: kv_cache
Tensor is None: kv_cache
Tensor is None: kv_cache
Tensor is None: kv_cache
Tensor is None: kv_cache
Tensor is None: kv_cache
Tensor is None: kv_cache
Tensor is None: kv_cache
Tensor is None: kv_cache
Tensor is None: kv_cache
Tensor is None: kv_cache
Tensor is None: kv_cache
Tensor is None: kv_cache
Tensor is None: kv_cache
Tensor is None: kv_cache
[2025-08-10 09:49:04.557850] [train] [iter 49, tokens 6400, elapsed_time 3395.66 ms, achieved FLOPS 0.06 TFLOPS]: loss 1.564306
Tensor is None: kv_cache
Tensor is None: kv_cache
Tensor is None: kv_cache
Tensor is None: kv_cache
Tensor is None: kv_cache
Tensor is None: kv_cache
Tensor is None: kv_cache
Tensor is None: kv_cache
Tensor is None: kv_cache
Tensor is None: kv_cache
Tensor is None: kv_cache
Tensor is None: kv_cache
Tensor is None: kv_cache
Tensor is None: kv_cache
Tensor is None: kv_cache
Tensor is None: kv_cache
Tensor is None: kv_cache
Tensor is None: kv_cache
Tensor is None: kv_cache
Tensor is None: kv_cache
Tensor is None: kv_cache
Tensor is None: kv_cache
Tensor is None: kv_cache
Tensor is None: kv_cache
Tensor is None: kv_cache
Tensor is None: kv_cache
Tensor is None: kv_cache
Tensor is None: kv_cache
Tensor is None: kv_cache
Tensor is None: kv_cache
Tensor is None: kv_cache
Tensor is None: kv_cache
Tensor is None: kv_cache
Tensor is None: kv_cache
Tensor is None: kv_cache
Tensor is None: kv_cache
Tensor is None: kv_cache
Tensor is None: kv_cache
Tensor is None: kv_cache
Tensor is None: kv_cache
Tensor is None: kv_cache
Tensor is None: kv_cache
Tensor is None: kv_cache
Tensor is None: kv_cache
Tensor is None: kv_cache
Tensor is None: kv_cache
Tensor is None: kv_cache
Tensor is None: kv_cache
Tensor is None: kv_cache
Tensor is None: kv_cache
Tensor is None: kv_cache
Tensor is None: kv_cache
Tensor is None: kv_cache
Tensor is None: kv_cache
Tensor is None: kv_cache
Tensor is None: kv_cache
Tensor is None: kv_cache
Tensor is None: kv_cache
Tensor is None: kv_cache
Tensor is None: kv_cache
Tensor is None: kv_cache
Tensor is None: kv_cache
Tensor is None: kv_cache
Tensor is None: kv_cache
Tensor is None: kv_cache
Tensor is None: kv_cache
Tensor is None: kv_cache
Tensor is None: kv_cache
Tensor is None: kv_cache
Tensor is None: kv_cache
Tensor is None: kv_cache
Tensor is None: kv_cache
Tensor is None: kv_cache
Tensor is None: kv_cache
Tensor is None: kv_cache
Tensor is None: kv_cache
Tensor is None: kv_cache
Tensor is None: kv_cache
Tensor is None: kv_cache
Tensor is None: kv_cache
Tensor is None: kv_cache
Tensor is None: kv_cache
Tensor is None: kv_cache
Tensor is None: kv_cache
Tensor is None: kv_cache
Tensor is None: kv_cache
Tensor is None: kv_cache
Tensor is None: kv_cache
Tensor is None: kv_cache
Tensor is None: kv_cache
Tensor is None: kv_cache
Tensor is None: kv_cache
Tensor is None: kv_cache
Tensor is None: kv_cache
Tensor is None: kv_cache
Tensor is None: kv_cache
Tensor is None: kv_cache
Tensor is None: kv_cache
Tensor is None: kv_cache
Tensor is None: kv_cache
Tensor is None: kv_cache
Tensor is None: kv_cache
Tensor is None: kv_cache
Tensor is None: kv_cache
Tensor is None: kv_cache
Tensor is None: kv_cache
Tensor is None: kv_cache
Tensor is None: kv_cache
Tensor is None: kv_cache
Tensor is None: kv_cache
Tensor is None: kv_cache
Tensor is None: kv_cache
Tensor is None: kv_cache
Tensor is None: kv_cache
Tensor is None: kv_cache
Tensor is None: kv_cache
Tensor is None: kv_cache
Tensor is None: kv_cache
Tensor is None: kv_cache
Tensor is None: kv_cache
Tensor is None: kv_cache
Tensor is None: kv_cache
Tensor is None: kv_cache
Tensor is None: kv_cache
Tensor is None: kv_cache
Tensor is None: kv_cache
Tensor is None: kv_cache
Tensor is None: kv_cache
Tensor is None: kv_cache
Tensor is None: kv_cache
Tensor is None: kv_cache
Tensor is None: kv_cache
Tensor is None: kv_cache
Tensor is None: kv_cache
Tensor is None: kv_cache
Tensor is None: kv_cache
Tensor is None: kv_cache
Tensor is None: kv_cache
Tensor is None: kv_cache
Tensor is None: kv_cache
Tensor is None: kv_cache
Tensor is None: kv_cache
Tensor is None: kv_cache
Tensor is None: kv_cache
Tensor is None: kv_cache
Tensor is None: kv_cache
Tensor is None: kv_cache
Tensor is None: kv_cache
Tensor is None: kv_cache
Tensor is None: kv_cache
Tensor is None: kv_cache
Tensor is None: kv_cache
Tensor is None: kv_cache
Tensor is None: kv_cache
Tensor is None: kv_cache
Tensor is None: kv_cache
Tensor is None: kv_cache
Tensor is None: kv_cache
Tensor is None: kv_cache
Tensor is None: kv_cache
Tensor is None: kv_cache
Tensor is None: kv_cache
Tensor is None: kv_cache
Tensor is None: kv_cache
Tensor is None: kv_cache
Tensor is None: kv_cache
Tensor is None: kv_cache
Tensor is None: kv_cache
Tensor is None: kv_cache
Tensor is None: kv_cache
Tensor is None: kv_cache
Tensor is None: kv_cache
Tensor is None: kv_cache
Tensor is None: kv_cache
Tensor is None: kv_cache
Tensor is None: kv_cache
Tensor is None: kv_cache
Tensor is None: kv_cache
Tensor is None: kv_cache
Tensor is None: kv_cache
Tensor is None: kv_cache
Tensor is None: kv_cache
Tensor is None: kv_cache
Tensor is None: kv_cache
Tensor is None: kv_cache
Tensor is None: kv_cache
Tensor is None: kv_cache
Tensor is None: kv_cache
Tensor is None: kv_cache
Tensor is None: kv_cache
Tensor is None: kv_cache
Tensor is None: kv_cache
Tensor is None: kv_cache
Tensor is None: kv_cache
Tensor is None: kv_cache
Tensor is None: kv_cache
Tensor is None: kv_cache
Tensor is None: kv_cache
Tensor is None: kv_cache
Tensor is None: kv_cache
Tensor is None: kv_cache
Tensor is None: kv_cache
Tensor is None: kv_cache
Tensor is None: kv_cache
Tensor is None: kv_cache
Tensor is None: kv_cache
Tensor is None: kv_cache
Tensor is None: kv_cache
Tensor is None: kv_cache
Tensor is None: kv_cache
Tensor is None: kv_cache
Tensor is None: kv_cache
Tensor is None: kv_cache
Tensor is None: kv_cache
Tensor is None: kv_cache
Tensor is None: kv_cache
Tensor is None: kv_cache
Tensor is None: kv_cache
Tensor is None: kv_cache
Tensor is None: kv_cache
Tensor is None: kv_cache
Tensor is None: kv_cache
Tensor is None: kv_cache
Tensor is None: kv_cache
Tensor is None: kv_cache
Tensor is None: kv_cache
Tensor is None: kv_cache
Tensor is None: kv_cache
Tensor is None: kv_cache
Tensor is None: kv_cache
Tensor is None: kv_cache
Tensor is None: kv_cache
Tensor is None: kv_cache
Tensor is None: kv_cache
Tensor is None: kv_cache
Tensor is None: kv_cache
Tensor is None: kv_cache
Tensor is None: kv_cache
Tensor is None: kv_cache
Tensor is None: kv_cache
Tensor is None: kv_cache
Tensor is None: kv_cache
Tensor is None: kv_cache
Tensor is None: kv_cache
Tensor is None: kv_cache
Tensor is None: kv_cache
Tensor is None: kv_cache
Tensor is None: kv_cache
Tensor is None: kv_cache
Tensor is None: kv_cache
Tensor is None: kv_cache
Tensor is None: kv_cache
Tensor is None: kv_cache
Tensor is None: kv_cache
Tensor is None: kv_cache
Tensor is None: kv_cache
Tensor is None: kv_cache
Tensor is None: kv_cache
Tensor is None: kv_cache
Tensor is None: kv_cache
Tensor is None: kv_cache
Tensor is None: kv_cache
Tensor is None: kv_cache
Tensor is None: kv_cache
Tensor is None: kv_cache
Tensor is None: kv_cache
Tensor is None: kv_cache
Tensor is None: kv_cache
Tensor is None: kv_cache
Tensor is None: kv_cache
Tensor is None: kv_cache
Tensor is None: kv_cache
Tensor is None: kv_cache
Tensor is None: kv_cache
Tensor is None: kv_cache
Tensor is None: kv_cache
Tensor is None: kv_cache
Tensor is None: kv_cache
Tensor is None: kv_cache
Tensor is None: kv_cache
Tensor is None: kv_cache
Tensor is None: kv_cache
Tensor is None: kv_cache
Tensor is None: kv_cache
Tensor is None: kv_cache
Tensor is None: kv_cache
Tensor is None: kv_cache
Tensor is None: kv_cache
Tensor is None: kv_cache
Tensor is None: kv_cache
Tensor is None: kv_cache
Tensor is None: kv_cache
Tensor is None: kv_cache
Tensor is None: kv_cache
Tensor is None: kv_cache
Tensor is None: kv_cache
Tensor is None: kv_cache
Tensor is None: kv_cache
Tensor is None: kv_cache
Tensor is None: kv_cache
Tensor is None: kv_cache
Tensor is None: kv_cache
Tensor is None: kv_cache
Tensor is None: kv_cache
Tensor is None: kv_cache
Tensor is None: kv_cache
Tensor is None: kv_cache
Tensor is None: kv_cache
Tensor is None: kv_cache
Tensor is None: kv_cache
Tensor is None: kv_cache
Tensor is None: kv_cache
Tensor is None: kv_cache
Tensor is None: kv_cache
Tensor is None: kv_cache
Tensor is None: kv_cache
Tensor is None: kv_cache
Tensor is None: kv_cache
Tensor is None: kv_cache
Tensor is None: kv_cache
Tensor is None: kv_cache
Tensor is None: kv_cache
Tensor is None: kv_cache
Tensor is None: kv_cache
Tensor is None: kv_cache
Tensor is None: kv_cache
Tensor is None: kv_cache
Tensor is None: kv_cache
Tensor is None: kv_cache
Tensor is None: kv_cache
Tensor is None: kv_cache
Tensor is None: kv_cache
Tensor is None: kv_cache
Tensor is None: kv_cache
Tensor is None: kv_cache
Tensor is None: kv_cache
Tensor is None: kv_cache
Tensor is None: kv_cache
Tensor is None: kv_cache
Tensor is None: kv_cache
Tensor is None: kv_cache
Tensor is None: kv_cache
Tensor is None: kv_cache
Tensor is None: kv_cache
Tensor is None: kv_cache
Tensor is None: kv_cache
Tensor is None: kv_cache
Tensor is None: kv_cache
Tensor is None: kv_cache
Tensor is None: kv_cache
Tensor is None: kv_cache
Tensor is None: kv_cache
Tensor is None: kv_cache
Tensor is None: kv_cache
Tensor is None: kv_cache
Tensor is None: kv_cache
Tensor is None: kv_cache
Tensor is None: kv_cache
[2025-08-10 09:49:07.660610] [eval] [eval 5728 users]:
    Metrics.task0.AUC:0.695545
    Metrics.task1.AUC:0.671352
    Metrics.task2.AUC:0.576025
    Metrics.task3.AUC:0.512286
    Metrics.task4.AUC:0.586832
    Metrics.task5.AUC:0.493834
    Metrics.task6.AUC:0.696245
    Metrics.task7.AUC:0.562550
Tensor is None: kv_cache
Tensor is None: kv_cache
Tensor is None: kv_cache
Tensor is None: kv_cache
Tensor is None: kv_cache
Tensor is None: kv_cache
Tensor is None: kv_cache
Tensor is None: kv_cache
Tensor is None: kv_cache
Tensor is None: kv_cache
Tensor is None: kv_cache
Tensor is None: kv_cache
Tensor is None: kv_cache
Tensor is None: kv_cache
Tensor is None: kv_cache
Tensor is None: kv_cache
Tensor is None: kv_cache
Tensor is None: kv_cache
Tensor is None: kv_cache
Tensor is None: kv_cache
[2025-08-10 09:49:07.947635] [train] [iter 59, tokens 6400, elapsed_time 3389.54 ms, achieved FLOPS 0.07 TFLOPS]: loss 1.577436
Tensor is None: kv_cache
Tensor is None: kv_cache
Tensor is None: kv_cache
Tensor is None: kv_cache
Tensor is None: kv_cache
Tensor is None: kv_cache
Tensor is None: kv_cache
Tensor is None: kv_cache
Tensor is None: kv_cache
Tensor is None: kv_cache
Tensor is None: kv_cache
Tensor is None: kv_cache
Tensor is None: kv_cache
Tensor is None: kv_cache
Tensor is None: kv_cache
Tensor is None: kv_cache
Tensor is None: kv_cache
Tensor is None: kv_cache
Tensor is None: kv_cache
Tensor is None: kv_cache
Tensor is None: kv_cache
Tensor is None: kv_cache
Tensor is None: kv_cache
Tensor is None: kv_cache
Tensor is None: kv_cache
Tensor is None: kv_cache
Tensor is None: kv_cache
Tensor is None: kv_cache
Tensor is None: kv_cache
Tensor is None: kv_cache
Tensor is None: kv_cache
Tensor is None: kv_cache
Tensor is None: kv_cache
Tensor is None: kv_cache
Tensor is None: kv_cache
Tensor is None: kv_cache
Tensor is None: kv_cache
Tensor is None: kv_cache
Tensor is None: kv_cache
Tensor is None: kv_cache
Tensor is None: kv_cache
Tensor is None: kv_cache
Tensor is None: kv_cache
Tensor is None: kv_cache
Tensor is None: kv_cache
Tensor is None: kv_cache
Tensor is None: kv_cache
Tensor is None: kv_cache
Tensor is None: kv_cache
Tensor is None: kv_cache
Tensor is None: kv_cache
Tensor is None: kv_cache
Tensor is None: kv_cache
Tensor is None: kv_cache
Tensor is None: kv_cache
Tensor is None: kv_cache
Tensor is None: kv_cache
Tensor is None: kv_cache
Tensor is None: kv_cache
Tensor is None: kv_cache
Tensor is None: kv_cache
Tensor is None: kv_cache
Tensor is None: kv_cache
Tensor is None: kv_cache
Tensor is None: kv_cache
Tensor is None: kv_cache
Tensor is None: kv_cache
Tensor is None: kv_cache
Tensor is None: kv_cache
Tensor is None: kv_cache
Tensor is None: kv_cache
Tensor is None: kv_cache
Tensor is None: kv_cache
Tensor is None: kv_cache
Tensor is None: kv_cache
Tensor is None: kv_cache
Tensor is None: kv_cache
Tensor is None: kv_cache
Tensor is None: kv_cache
Tensor is None: kv_cache
Tensor is None: kv_cache
Tensor is None: kv_cache
Tensor is None: kv_cache
Tensor is None: kv_cache
Tensor is None: kv_cache
Tensor is None: kv_cache
Tensor is None: kv_cache
Tensor is None: kv_cache
Tensor is None: kv_cache
Tensor is None: kv_cache
Tensor is None: kv_cache
Tensor is None: kv_cache
Tensor is None: kv_cache
Tensor is None: kv_cache
Tensor is None: kv_cache
Tensor is None: kv_cache
Tensor is None: kv_cache
Tensor is None: kv_cache
Tensor is None: kv_cache
Tensor is None: kv_cache
Tensor is None: kv_cache
Tensor is None: kv_cache
Tensor is None: kv_cache
Tensor is None: kv_cache
Tensor is None: kv_cache
Tensor is None: kv_cache
Tensor is None: kv_cache
Tensor is None: kv_cache
Tensor is None: kv_cache
Tensor is None: kv_cache
Tensor is None: kv_cache
Tensor is None: kv_cache
Tensor is None: kv_cache
Tensor is None: kv_cache
Tensor is None: kv_cache
Tensor is None: kv_cache
Tensor is None: kv_cache
Tensor is None: kv_cache
Tensor is None: kv_cache
Tensor is None: kv_cache
Tensor is None: kv_cache
Tensor is None: kv_cache
Tensor is None: kv_cache
Tensor is None: kv_cache
Tensor is None: kv_cache
Tensor is None: kv_cache
Tensor is None: kv_cache
Tensor is None: kv_cache
Tensor is None: kv_cache
Tensor is None: kv_cache
Tensor is None: kv_cache
Tensor is None: kv_cache
Tensor is None: kv_cache
Tensor is None: kv_cache
Tensor is None: kv_cache
Tensor is None: kv_cache
Tensor is None: kv_cache
Tensor is None: kv_cache
Tensor is None: kv_cache
Tensor is None: kv_cache
Tensor is None: kv_cache
Tensor is None: kv_cache
Tensor is None: kv_cache
Tensor is None: kv_cache
Tensor is None: kv_cache
Tensor is None: kv_cache
Tensor is None: kv_cache
Tensor is None: kv_cache
Tensor is None: kv_cache
Tensor is None: kv_cache
Tensor is None: kv_cache
Tensor is None: kv_cache
Tensor is None: kv_cache
Tensor is None: kv_cache
Tensor is None: kv_cache
Tensor is None: kv_cache
Tensor is None: kv_cache
Tensor is None: kv_cache
Tensor is None: kv_cache
Tensor is None: kv_cache
Tensor is None: kv_cache
Tensor is None: kv_cache
Tensor is None: kv_cache
Tensor is None: kv_cache
Tensor is None: kv_cache
Tensor is None: kv_cache
Tensor is None: kv_cache
Tensor is None: kv_cache
Tensor is None: kv_cache
Tensor is None: kv_cache
Tensor is None: kv_cache
Tensor is None: kv_cache
Tensor is None: kv_cache
Tensor is None: kv_cache
Tensor is None: kv_cache
Tensor is None: kv_cache
Tensor is None: kv_cache
Tensor is None: kv_cache
Tensor is None: kv_cache
Tensor is None: kv_cache
Tensor is None: kv_cache
Tensor is None: kv_cache
Tensor is None: kv_cache
Tensor is None: kv_cache
Tensor is None: kv_cache
Tensor is None: kv_cache
Tensor is None: kv_cache
Tensor is None: kv_cache
Tensor is None: kv_cache
Tensor is None: kv_cache
Tensor is None: kv_cache
Tensor is None: kv_cache
Tensor is None: kv_cache
Tensor is None: kv_cache
Tensor is None: kv_cache
Tensor is None: kv_cache
Tensor is None: kv_cache
Tensor is None: kv_cache
Tensor is None: kv_cache
Tensor is None: kv_cache
Tensor is None: kv_cache
Tensor is None: kv_cache
Tensor is None: kv_cache
Tensor is None: kv_cache
Tensor is None: kv_cache
Tensor is None: kv_cache
Tensor is None: kv_cache
Tensor is None: kv_cache
Tensor is None: kv_cache
Tensor is None: kv_cache
Tensor is None: kv_cache
Tensor is None: kv_cache
Tensor is None: kv_cache
Tensor is None: kv_cache
Tensor is None: kv_cache
Tensor is None: kv_cache
Tensor is None: kv_cache
Tensor is None: kv_cache
Tensor is None: kv_cache
Tensor is None: kv_cache
Tensor is None: kv_cache
Tensor is None: kv_cache
Tensor is None: kv_cache
Tensor is None: kv_cache
Tensor is None: kv_cache
Tensor is None: kv_cache
Tensor is None: kv_cache
Tensor is None: kv_cache
Tensor is None: kv_cache
Tensor is None: kv_cache
Tensor is None: kv_cache
Tensor is None: kv_cache
Tensor is None: kv_cache
Tensor is None: kv_cache
Tensor is None: kv_cache
Tensor is None: kv_cache
Tensor is None: kv_cache
Tensor is None: kv_cache
Tensor is None: kv_cache
Tensor is None: kv_cache
Tensor is None: kv_cache
Tensor is None: kv_cache
Tensor is None: kv_cache
Tensor is None: kv_cache
Tensor is None: kv_cache
Tensor is None: kv_cache
Tensor is None: kv_cache
Tensor is None: kv_cache
Tensor is None: kv_cache
Tensor is None: kv_cache
Tensor is None: kv_cache
Tensor is None: kv_cache
Tensor is None: kv_cache
Tensor is None: kv_cache
Tensor is None: kv_cache
Tensor is None: kv_cache
Tensor is None: kv_cache
Tensor is None: kv_cache
Tensor is None: kv_cache
Tensor is None: kv_cache
Tensor is None: kv_cache
Tensor is None: kv_cache
Tensor is None: kv_cache
Tensor is None: kv_cache
Tensor is None: kv_cache
Tensor is None: kv_cache
Tensor is None: kv_cache
Tensor is None: kv_cache
Tensor is None: kv_cache
Tensor is None: kv_cache
Tensor is None: kv_cache
Tensor is None: kv_cache
Tensor is None: kv_cache
Tensor is None: kv_cache
Tensor is None: kv_cache
Tensor is None: kv_cache
Tensor is None: kv_cache
Tensor is None: kv_cache
Tensor is None: kv_cache
Tensor is None: kv_cache
Tensor is None: kv_cache
Tensor is None: kv_cache
Tensor is None: kv_cache
Tensor is None: kv_cache
Tensor is None: kv_cache
Tensor is None: kv_cache
Tensor is None: kv_cache
Tensor is None: kv_cache
Tensor is None: kv_cache
Tensor is None: kv_cache
Tensor is None: kv_cache
Tensor is None: kv_cache
Tensor is None: kv_cache
Tensor is None: kv_cache
Tensor is None: kv_cache
Tensor is None: kv_cache
Tensor is None: kv_cache
Tensor is None: kv_cache
Tensor is None: kv_cache
Tensor is None: kv_cache
Tensor is None: kv_cache
Tensor is None: kv_cache
Tensor is None: kv_cache
Tensor is None: kv_cache
Tensor is None: kv_cache
Tensor is None: kv_cache
Tensor is None: kv_cache
Tensor is None: kv_cache
Tensor is None: kv_cache
Tensor is None: kv_cache
Tensor is None: kv_cache
Tensor is None: kv_cache
Tensor is None: kv_cache
Tensor is None: kv_cache
Tensor is None: kv_cache
Tensor is None: kv_cache
Tensor is None: kv_cache
Tensor is None: kv_cache
Tensor is None: kv_cache
Tensor is None: kv_cache
Tensor is None: kv_cache
Tensor is None: kv_cache
Tensor is None: kv_cache
Tensor is None: kv_cache
Tensor is None: kv_cache
Tensor is None: kv_cache
Tensor is None: kv_cache
Tensor is None: kv_cache
Tensor is None: kv_cache
Tensor is None: kv_cache
Tensor is None: kv_cache
Tensor is None: kv_cache
Tensor is None: kv_cache
Tensor is None: kv_cache
Tensor is None: kv_cache
Tensor is None: kv_cache
Tensor is None: kv_cache
Tensor is None: kv_cache
Tensor is None: kv_cache
Tensor is None: kv_cache
Tensor is None: kv_cache
Tensor is None: kv_cache
Tensor is None: kv_cache
Tensor is None: kv_cache
Tensor is None: kv_cache
Tensor is None: kv_cache
Tensor is None: kv_cache
Tensor is None: kv_cache
Tensor is None: kv_cache
Tensor is None: kv_cache
Tensor is None: kv_cache
Tensor is None: kv_cache
Tensor is None: kv_cache
Tensor is None: kv_cache
Tensor is None: kv_cache
Tensor is None: kv_cache
Tensor is None: kv_cache
Tensor is None: kv_cache
[2025-08-10 09:49:11.059682] [eval] [eval 5728 users]:
    Metrics.task0.AUC:0.700619
    Metrics.task1.AUC:0.744305
    Metrics.task2.AUC:0.613165
    Metrics.task3.AUC:0.553313
    Metrics.task4.AUC:0.597964
    Metrics.task5.AUC:0.531558
    Metrics.task6.AUC:0.700729
    Metrics.task7.AUC:0.585692
Tensor is None: kv_cache
Tensor is None: kv_cache
Tensor is None: kv_cache
Tensor is None: kv_cache
Tensor is None: kv_cache
Tensor is None: kv_cache
Tensor is None: kv_cache
Tensor is None: kv_cache
Tensor is None: kv_cache
Tensor is None: kv_cache
Tensor is None: kv_cache
Tensor is None: kv_cache
Tensor is None: kv_cache
Tensor is None: kv_cache
Tensor is None: kv_cache
Tensor is None: kv_cache
Tensor is None: kv_cache
Tensor is None: kv_cache
Tensor is None: kv_cache
Tensor is None: kv_cache
[2025-08-10 09:49:11.371121] [train] [iter 69, tokens 6400, elapsed_time 3423.33 ms, achieved FLOPS 0.07 TFLOPS]: loss 1.472545
Tensor is None: kv_cache
Tensor is None: kv_cache
Tensor is None: kv_cache
Tensor is None: kv_cache
Tensor is None: kv_cache
Tensor is None: kv_cache
Tensor is None: kv_cache
Tensor is None: kv_cache
Tensor is None: kv_cache
Tensor is None: kv_cache
Tensor is None: kv_cache
Tensor is None: kv_cache
Tensor is None: kv_cache
Tensor is None: kv_cache
Tensor is None: kv_cache
Tensor is None: kv_cache
Tensor is None: kv_cache
Tensor is None: kv_cache
Tensor is None: kv_cache
Tensor is None: kv_cache
Tensor is None: kv_cache
Tensor is None: kv_cache
Tensor is None: kv_cache
Tensor is None: kv_cache
Tensor is None: kv_cache
Tensor is None: kv_cache
Tensor is None: kv_cache
Tensor is None: kv_cache
Tensor is None: kv_cache
Tensor is None: kv_cache
Tensor is None: kv_cache
Tensor is None: kv_cache
Tensor is None: kv_cache
Tensor is None: kv_cache
Tensor is None: kv_cache
Tensor is None: kv_cache
Tensor is None: kv_cache
Tensor is None: kv_cache
Tensor is None: kv_cache
Tensor is None: kv_cache
Tensor is None: kv_cache
Tensor is None: kv_cache
Tensor is None: kv_cache
Tensor is None: kv_cache
Tensor is None: kv_cache
Tensor is None: kv_cache
Tensor is None: kv_cache
Tensor is None: kv_cache
Tensor is None: kv_cache
Tensor is None: kv_cache
Tensor is None: kv_cache
Tensor is None: kv_cache
Tensor is None: kv_cache
Tensor is None: kv_cache
Tensor is None: kv_cache
Tensor is None: kv_cache
Tensor is None: kv_cache
Tensor is None: kv_cache
Tensor is None: kv_cache
Tensor is None: kv_cache
Tensor is None: kv_cache
Tensor is None: kv_cache
Tensor is None: kv_cache
Tensor is None: kv_cache
Tensor is None: kv_cache
Tensor is None: kv_cache
Tensor is None: kv_cache
Tensor is None: kv_cache
Tensor is None: kv_cache
Tensor is None: kv_cache
Tensor is None: kv_cache
Tensor is None: kv_cache
Tensor is None: kv_cache
Tensor is None: kv_cache
Tensor is None: kv_cache
Tensor is None: kv_cache
Tensor is None: kv_cache
Tensor is None: kv_cache
Tensor is None: kv_cache
Tensor is None: kv_cache
Tensor is None: kv_cache
Tensor is None: kv_cache
Tensor is None: kv_cache
Tensor is None: kv_cache
Tensor is None: kv_cache
Tensor is None: kv_cache
Tensor is None: kv_cache
Tensor is None: kv_cache
Tensor is None: kv_cache
Tensor is None: kv_cache
Tensor is None: kv_cache
Tensor is None: kv_cache
Tensor is None: kv_cache
Tensor is None: kv_cache
Tensor is None: kv_cache
Tensor is None: kv_cache
Tensor is None: kv_cache
Tensor is None: kv_cache
Tensor is None: kv_cache
Tensor is None: kv_cache
Tensor is None: kv_cache
Tensor is None: kv_cache
Tensor is None: kv_cache
Tensor is None: kv_cache
Tensor is None: kv_cache
Tensor is None: kv_cache
Tensor is None: kv_cache
Tensor is None: kv_cache
Tensor is None: kv_cache
Tensor is None: kv_cache
Tensor is None: kv_cache
Tensor is None: kv_cache
Tensor is None: kv_cache
Tensor is None: kv_cache
Tensor is None: kv_cache
Tensor is None: kv_cache
Tensor is None: kv_cache
Tensor is None: kv_cache
Tensor is None: kv_cache
Tensor is None: kv_cache
Tensor is None: kv_cache
Tensor is None: kv_cache
Tensor is None: kv_cache
Tensor is None: kv_cache
Tensor is None: kv_cache
Tensor is None: kv_cache
Tensor is None: kv_cache
Tensor is None: kv_cache
Tensor is None: kv_cache
Tensor is None: kv_cache
Tensor is None: kv_cache
Tensor is None: kv_cache
Tensor is None: kv_cache
Tensor is None: kv_cache
Tensor is None: kv_cache
Tensor is None: kv_cache
Tensor is None: kv_cache
Tensor is None: kv_cache
Tensor is None: kv_cache
Tensor is None: kv_cache
Tensor is None: kv_cache
Tensor is None: kv_cache
Tensor is None: kv_cache
Tensor is None: kv_cache
Tensor is None: kv_cache
Tensor is None: kv_cache
Tensor is None: kv_cache
Tensor is None: kv_cache
Tensor is None: kv_cache
Tensor is None: kv_cache
Tensor is None: kv_cache
Tensor is None: kv_cache
Tensor is None: kv_cache
Tensor is None: kv_cache
Tensor is None: kv_cache
Tensor is None: kv_cache
Tensor is None: kv_cache
Tensor is None: kv_cache
Tensor is None: kv_cache
Tensor is None: kv_cache
Tensor is None: kv_cache
Tensor is None: kv_cache
Tensor is None: kv_cache
Tensor is None: kv_cache
Tensor is None: kv_cache
Tensor is None: kv_cache
Tensor is None: kv_cache
Tensor is None: kv_cache
Tensor is None: kv_cache
Tensor is None: kv_cache
Tensor is None: kv_cache
Tensor is None: kv_cache
Tensor is None: kv_cache
Tensor is None: kv_cache
Tensor is None: kv_cache
Tensor is None: kv_cache
Tensor is None: kv_cache
Tensor is None: kv_cache
Tensor is None: kv_cache
Tensor is None: kv_cache
Tensor is None: kv_cache
Tensor is None: kv_cache
Tensor is None: kv_cache
Tensor is None: kv_cache
Tensor is None: kv_cache
Tensor is None: kv_cache
Tensor is None: kv_cache
Tensor is None: kv_cache
Tensor is None: kv_cache
Tensor is None: kv_cache
Tensor is None: kv_cache
Tensor is None: kv_cache
Tensor is None: kv_cache
Tensor is None: kv_cache
Tensor is None: kv_cache
Tensor is None: kv_cache
Tensor is None: kv_cache
Tensor is None: kv_cache
Tensor is None: kv_cache
Tensor is None: kv_cache
Tensor is None: kv_cache
Tensor is None: kv_cache
Tensor is None: kv_cache
Tensor is None: kv_cache
Tensor is None: kv_cache
Tensor is None: kv_cache
Tensor is None: kv_cache
Tensor is None: kv_cache
Tensor is None: kv_cache
Tensor is None: kv_cache
Tensor is None: kv_cache
Tensor is None: kv_cache
Tensor is None: kv_cache
Tensor is None: kv_cache
Tensor is None: kv_cache
Tensor is None: kv_cache
Tensor is None: kv_cache
Tensor is None: kv_cache
Tensor is None: kv_cache
Tensor is None: kv_cache
Tensor is None: kv_cache
Tensor is None: kv_cache
Tensor is None: kv_cache
Tensor is None: kv_cache
Tensor is None: kv_cache
Tensor is None: kv_cache
Tensor is None: kv_cache
Tensor is None: kv_cache
Tensor is None: kv_cache
Tensor is None: kv_cache
Tensor is None: kv_cache
Tensor is None: kv_cache
Tensor is None: kv_cache
Tensor is None: kv_cache
Tensor is None: kv_cache
Tensor is None: kv_cache
Tensor is None: kv_cache
Tensor is None: kv_cache
Tensor is None: kv_cache
Tensor is None: kv_cache
Tensor is None: kv_cache
Tensor is None: kv_cache
Tensor is None: kv_cache
Tensor is None: kv_cache
Tensor is None: kv_cache
Tensor is None: kv_cache
Tensor is None: kv_cache
Tensor is None: kv_cache
Tensor is None: kv_cache
Tensor is None: kv_cache
Tensor is None: kv_cache
Tensor is None: kv_cache
Tensor is None: kv_cache
Tensor is None: kv_cache
Tensor is None: kv_cache
Tensor is None: kv_cache
Tensor is None: kv_cache
Tensor is None: kv_cache
Tensor is None: kv_cache
Tensor is None: kv_cache
Tensor is None: kv_cache
Tensor is None: kv_cache
Tensor is None: kv_cache
Tensor is None: kv_cache
Tensor is None: kv_cache
Tensor is None: kv_cache
Tensor is None: kv_cache
Tensor is None: kv_cache
Tensor is None: kv_cache
Tensor is None: kv_cache
Tensor is None: kv_cache
Tensor is None: kv_cache
Tensor is None: kv_cache
Tensor is None: kv_cache
Tensor is None: kv_cache
Tensor is None: kv_cache
Tensor is None: kv_cache
Tensor is None: kv_cache
Tensor is None: kv_cache
Tensor is None: kv_cache
Tensor is None: kv_cache
Tensor is None: kv_cache
Tensor is None: kv_cache
Tensor is None: kv_cache
Tensor is None: kv_cache
Tensor is None: kv_cache
Tensor is None: kv_cache
Tensor is None: kv_cache
Tensor is None: kv_cache
Tensor is None: kv_cache
Tensor is None: kv_cache
Tensor is None: kv_cache
Tensor is None: kv_cache
Tensor is None: kv_cache
Tensor is None: kv_cache
Tensor is None: kv_cache
Tensor is None: kv_cache
Tensor is None: kv_cache
Tensor is None: kv_cache
Tensor is None: kv_cache
Tensor is None: kv_cache
Tensor is None: kv_cache
Tensor is None: kv_cache
Tensor is None: kv_cache
Tensor is None: kv_cache
Tensor is None: kv_cache
Tensor is None: kv_cache
Tensor is None: kv_cache
Tensor is None: kv_cache
Tensor is None: kv_cache
Tensor is None: kv_cache
Tensor is None: kv_cache
Tensor is None: kv_cache
Tensor is None: kv_cache
Tensor is None: kv_cache
Tensor is None: kv_cache
Tensor is None: kv_cache
Tensor is None: kv_cache
Tensor is None: kv_cache
Tensor is None: kv_cache
Tensor is None: kv_cache
Tensor is None: kv_cache
Tensor is None: kv_cache
Tensor is None: kv_cache
Tensor is None: kv_cache
Tensor is None: kv_cache
Tensor is None: kv_cache
Tensor is None: kv_cache
Tensor is None: kv_cache
Tensor is None: kv_cache
Tensor is None: kv_cache
Tensor is None: kv_cache
Tensor is None: kv_cache
Tensor is None: kv_cache
Tensor is None: kv_cache
Tensor is None: kv_cache
Tensor is None: kv_cache
Tensor is None: kv_cache
Tensor is None: kv_cache
Tensor is None: kv_cache
Tensor is None: kv_cache
Tensor is None: kv_cache
Tensor is None: kv_cache
Tensor is None: kv_cache
Tensor is None: kv_cache
Tensor is None: kv_cache
Tensor is None: kv_cache
Tensor is None: kv_cache
Tensor is None: kv_cache
Tensor is None: kv_cache
Tensor is None: kv_cache
Tensor is None: kv_cache
Tensor is None: kv_cache
Tensor is None: kv_cache
Tensor is None: kv_cache
Tensor is None: kv_cache
Tensor is None: kv_cache
Tensor is None: kv_cache
[2025-08-10 09:49:14.555351] [eval] [eval 5728 users]:
    Metrics.task0.AUC:0.704495
    Metrics.task1.AUC:0.707901
    Metrics.task2.AUC:0.616696
    Metrics.task3.AUC:0.579950
    Metrics.task4.AUC:0.596528
    Metrics.task5.AUC:0.528165
    Metrics.task6.AUC:0.705864
    Metrics.task7.AUC:0.603206
Tensor is None: kv_cache
Tensor is None: kv_cache
Tensor is None: kv_cache
Tensor is None: kv_cache
Tensor is None: kv_cache
Tensor is None: kv_cache
Tensor is None: kv_cache
Tensor is None: kv_cache
Tensor is None: kv_cache
Tensor is None: kv_cache
Tensor is None: kv_cache
Tensor is None: kv_cache
Tensor is None: kv_cache
Tensor is None: kv_cache
Tensor is None: kv_cache
Tensor is None: kv_cache
Tensor is None: kv_cache
Tensor is None: kv_cache
Tensor is None: kv_cache
Tensor is None: kv_cache
[2025-08-10 09:49:14.850813] [train] [iter 79, tokens 6400, elapsed_time 3479.96 ms, achieved FLOPS 0.05 TFLOPS]: loss 1.482781
Tensor is None: kv_cache
Tensor is None: kv_cache
Tensor is None: kv_cache
Tensor is None: kv_cache
Tensor is None: kv_cache
Tensor is None: kv_cache
Tensor is None: kv_cache
Tensor is None: kv_cache
Tensor is None: kv_cache
Tensor is None: kv_cache
Tensor is None: kv_cache
Tensor is None: kv_cache
Tensor is None: kv_cache
Tensor is None: kv_cache
Tensor is None: kv_cache
Tensor is None: kv_cache
Tensor is None: kv_cache
Tensor is None: kv_cache
Tensor is None: kv_cache
Tensor is None: kv_cache
Tensor is None: kv_cache
Tensor is None: kv_cache
Tensor is None: kv_cache
Tensor is None: kv_cache
Tensor is None: kv_cache
Tensor is None: kv_cache
Tensor is None: kv_cache
Tensor is None: kv_cache
Tensor is None: kv_cache
Tensor is None: kv_cache
Tensor is None: kv_cache
Tensor is None: kv_cache
Tensor is None: kv_cache
Tensor is None: kv_cache
Tensor is None: kv_cache
Tensor is None: kv_cache
Tensor is None: kv_cache
Tensor is None: kv_cache
Tensor is None: kv_cache
Tensor is None: kv_cache
Tensor is None: kv_cache
Tensor is None: kv_cache
Tensor is None: kv_cache
Tensor is None: kv_cache
Tensor is None: kv_cache
Tensor is None: kv_cache
Tensor is None: kv_cache
Tensor is None: kv_cache
Tensor is None: kv_cache
Tensor is None: kv_cache
Tensor is None: kv_cache
Tensor is None: kv_cache
W0810 09:49:15.307000 338010 torch/distributed/elastic/agent/server/api.py:719] Received 2 death signal, shutting down workers
W0810 09:49:15.311000 338010 torch/distributed/elastic/multiprocessing/api.py:897] Sending process 338097 closing signal SIGINT
[rank0]: Traceback (most recent call last):
[rank0]:   File "/workspace/recsys-examples/examples/hstu/pretrain_gr_ranking.py", line 204, in <module>
[rank0]:     main()
[rank0]:   File "/workspace/recsys-examples/examples/hstu/pretrain_gr_ranking.py", line 191, in main
[rank0]:     train_with_pipeline(
[rank0]:   File "/workspace/recsys-examples/examples/hstu/training/training.py", line 225, in train_with_pipeline
[rank0]:     evaluate(
[rank0]:   File "/workspace/recsys-examples/examples/hstu/training/training.py", line 57, in evaluate
[rank0]:     reporting_loss, (_, logits, labels, _) = pipeline.progress(
[rank0]:                                              ^^^^^^^^^^^^^^^^^^
[rank0]:   File "/workspace/recsys-examples/examples/hstu/pipeline/train_pipeline.py", line 800, in progress
[rank0]:     losses, output = self._model_fwd(self.batches[0])
[rank0]:                      ^^^^^^^^^^^^^^^^^^^^^^^^^^^^^^^^
[rank0]:   File "/usr/local/lib/python3.12/dist-packages/torch/nn/modules/module.py", line 1736, in _wrapped_call_impl
[rank0]:     return self._call_impl(*args, **kwargs)
[rank0]:            ^^^^^^^^^^^^^^^^^^^^^^^^^^^^^^^^
[rank0]:   File "/usr/local/lib/python3.12/dist-packages/torch/nn/modules/module.py", line 1747, in _call_impl
[rank0]:     return forward_call(*args, **kwargs)
[rank0]:            ^^^^^^^^^^^^^^^^^^^^^^^^^^^^^
[rank0]:   File "/usr/local/lib/python3.12/dist-packages/torchrec/distributed/model_parallel.py", line 309, in forward
[rank0]:     return self._dmp_wrapped_module(*args, **kwargs)
[rank0]:            ^^^^^^^^^^^^^^^^^^^^^^^^^^^^^^^^^^^^^^^^^
[rank0]:   File "/usr/local/lib/python3.12/dist-packages/torch/nn/modules/module.py", line 1736, in _wrapped_call_impl
[rank0]:     return self._call_impl(*args, **kwargs)
[rank0]:            ^^^^^^^^^^^^^^^^^^^^^^^^^^^^^^^^
[rank0]:   File "/usr/local/lib/python3.12/dist-packages/torch/nn/modules/module.py", line 1747, in _call_impl
[rank0]:     return forward_call(*args, **kwargs)
[rank0]:            ^^^^^^^^^^^^^^^^^^^^^^^^^^^^^
[rank0]:   File "/workspace/deps/megatron-lm/megatron/core/distributed/data_parallel_base.py", line 22, in forward
[rank0]:     return self.module(*inputs, **kwargs)
[rank0]:            ^^^^^^^^^^^^^^^^^^^^^^^^^^^^^^
[rank0]:   File "/usr/local/lib/python3.12/dist-packages/torch/nn/modules/module.py", line 1736, in _wrapped_call_impl
[rank0]:     return self._call_impl(*args, **kwargs)
[rank0]:            ^^^^^^^^^^^^^^^^^^^^^^^^^^^^^^^^
[rank0]:   File "/usr/local/lib/python3.12/dist-packages/torch/nn/modules/module.py", line 1747, in _call_impl
[rank0]:     return forward_call(*args, **kwargs)
[rank0]:            ^^^^^^^^^^^^^^^^^^^^^^^^^^^^^
[rank0]:   File "/workspace/deps/megatron-lm/megatron/core/transformer/module.py", line 178, in forward
[rank0]:     outputs = self.module(*inputs, **kwargs)
[rank0]:               ^^^^^^^^^^^^^^^^^^^^^^^^^^^^^^
[rank0]:   File "/usr/local/lib/python3.12/dist-packages/torch/nn/modules/module.py", line 1736, in _wrapped_call_impl
[rank0]:     return self._call_impl(*args, **kwargs)
[rank0]:            ^^^^^^^^^^^^^^^^^^^^^^^^^^^^^^^^
[rank0]:   File "/usr/local/lib/python3.12/dist-packages/torch/nn/modules/module.py", line 1747, in _call_impl
[rank0]:     return forward_call(*args, **kwargs)
[rank0]:            ^^^^^^^^^^^^^^^^^^^^^^^^^^^^^
[rank0]:   File "/workspace/recsys-examples/examples/hstu/model/ranking_gr.py", line 150, in forward
[rank0]:     jagged_item_logit, labels = self.get_logit_and_labels(batch)
[rank0]:                                 ^^^^^^^^^^^^^^^^^^^^^^^^^^^^^^^^
[rank0]:   File "/workspace/recsys-examples/examples/hstu/model/ranking_gr.py", line 113, in get_logit_and_labels
[rank0]:     embeddings: Dict[str, JaggedTensor] = self._embedding_collection(batch.features)
[rank0]:                                           ^^^^^^^^^^^^^^^^^^^^^^^^^^^^^^^^^^^^^^^^^^
[rank0]:   File "/usr/local/lib/python3.12/dist-packages/torch/nn/modules/module.py", line 1736, in _wrapped_call_impl
[rank0]:     return self._call_impl(*args, **kwargs)
[rank0]:            ^^^^^^^^^^^^^^^^^^^^^^^^^^^^^^^^
[rank0]:   File "/usr/local/lib/python3.12/dist-packages/torch/nn/modules/module.py", line 1747, in _call_impl
[rank0]:     return forward_call(*args, **kwargs)
[rank0]:            ^^^^^^^^^^^^^^^^^^^^^^^^^^^^^
[rank0]:   File "/workspace/recsys-examples/examples/commons/utils/nvtx_op.py", line 179, in wrapper
[rank0]:     partial(hook_getter, key_or_attr_name=hook_key_or_attr_name),
[rank0]:     ^^^^^^^^^^^^^^^^^^^^^^^^^^^^^^^^^^^^^^^^^^^^^^^^^^^^^^^^^^^^
[rank0]: KeyboardInterrupt
[rank0]:[W810 09:49:15.507679455 ProcessGroupNCCL.cpp:1294] Warning: WARNING: process group has NOT been destroyed before we destruct ProcessGroupNCCL. On normal program exit, the application should call destroy_process_group to ensure that any pending NCCL operations have finished in this process. In rare cases this process can exit before this point and block the progress of another member of the process group. This constraint has always been present,  but this warning has only been added since PyTorch 2.4 (function operator())
W0810 09:49:18.770000 338010 torch/distributed/elastic/multiprocessing/api.py:897] Sending process 338097 closing signal SIGTERM
Traceback (most recent call last):
  File "/usr/local/lib/python3.12/dist-packages/torch/distributed/elastic/agent/server/api.py", line 711, in run
    result = self._invoke_run(role)
             ^^^^^^^^^^^^^^^^^^^^^^
  File "/usr/local/lib/python3.12/dist-packages/torch/distributed/elastic/agent/server/api.py", line 870, in _invoke_run
    time.sleep(monitor_interval)
  File "/usr/local/lib/python3.12/dist-packages/torch/distributed/elastic/multiprocessing/api.py", line 84, in _terminate_process_handler
    raise SignalException(f"Process {os.getpid()} got signal: {sigval}", sigval=sigval)
torch.distributed.elastic.multiprocessing.api.SignalException: Process 338010 got signal: 2

During handling of the above exception, another exception occurred:

Traceback (most recent call last):
  File "/usr/local/lib/python3.12/dist-packages/torch/distributed/elastic/agent/server/api.py", line 720, in run
    self._shutdown(e.sigval)
  File "/usr/local/lib/python3.12/dist-packages/torch/distributed/elastic/agent/server/local_elastic_agent.py", line 372, in _shutdown
    self._pcontext.close(death_sig)
  File "/usr/local/lib/python3.12/dist-packages/torch/distributed/elastic/multiprocessing/api.py", line 572, in close
    self._close(death_sig=death_sig, timeout=timeout)
  File "/usr/local/lib/python3.12/dist-packages/torch/distributed/elastic/multiprocessing/api.py", line 909, in _close
    handler.proc.wait(time_to_wait)
  File "/usr/lib/python3.12/subprocess.py", line 1264, in wait
    return self._wait(timeout=timeout)
           ^^^^^^^^^^^^^^^^^^^^^^^^^^^
  File "/usr/lib/python3.12/subprocess.py", line 2047, in _wait
    time.sleep(delay)
  File "/usr/local/lib/python3.12/dist-packages/torch/distributed/elastic/multiprocessing/api.py", line 84, in _terminate_process_handler
    raise SignalException(f"Process {os.getpid()} got signal: {sigval}", sigval=sigval)
torch.distributed.elastic.multiprocessing.api.SignalException: Process 338010 got signal: 2

During handling of the above exception, another exception occurred:

Traceback (most recent call last):
  File "/usr/local/bin/torchrun", line 33, in <module>
    sys.exit(load_entry_point('torch==2.6.0a0+df5bbc09d1.nv24.11', 'console_scripts', 'torchrun')())
             ^^^^^^^^^^^^^^^^^^^^^^^^^^^^^^^^^^^^^^^^^^^^^^^^^^^^^^^^^^^^^^^^^^^^^^^^^^^^^^^^^^^^^^
  File "/usr/local/lib/python3.12/dist-packages/torch/distributed/elastic/multiprocessing/errors/__init__.py", line 355, in wrapper
    return f(*args, **kwargs)
           ^^^^^^^^^^^^^^^^^^
  File "/usr/local/lib/python3.12/dist-packages/torch/distributed/run.py", line 919, in main
    run(args)
  File "/usr/local/lib/python3.12/dist-packages/torch/distributed/run.py", line 910, in run
    elastic_launch(
  File "/usr/local/lib/python3.12/dist-packages/torch/distributed/launcher/api.py", line 138, in __call__
    return launch_agent(self._config, self._entrypoint, list(args))
           ^^^^^^^^^^^^^^^^^^^^^^^^^^^^^^^^^^^^^^^^^^^^^^^^^^^^^^^^
  File "/usr/local/lib/python3.12/dist-packages/torch/distributed/launcher/api.py", line 260, in launch_agent
    result = agent.run()
             ^^^^^^^^^^^
  File "/usr/local/lib/python3.12/dist-packages/torch/distributed/elastic/metrics/api.py", line 137, in wrapper
    result = f(*args, **kwargs)
             ^^^^^^^^^^^^^^^^^^
  File "/usr/local/lib/python3.12/dist-packages/torch/distributed/elastic/agent/server/api.py", line 725, in run
    self._shutdown()
  File "/usr/local/lib/python3.12/dist-packages/torch/distributed/elastic/agent/server/local_elastic_agent.py", line 372, in _shutdown
    self._pcontext.close(death_sig)
  File "/usr/local/lib/python3.12/dist-packages/torch/distributed/elastic/multiprocessing/api.py", line 572, in close
    self._close(death_sig=death_sig, timeout=timeout)
  File "/usr/local/lib/python3.12/dist-packages/torch/distributed/elastic/multiprocessing/api.py", line 909, in _close
    handler.proc.wait(time_to_wait)
  File "/usr/lib/python3.12/subprocess.py", line 1264, in wait
    return self._wait(timeout=timeout)
           ^^^^^^^^^^^^^^^^^^^^^^^^^^^
  File "/usr/lib/python3.12/subprocess.py", line 2047, in _wait
    time.sleep(delay)
  File "/usr/local/lib/python3.12/dist-packages/torch/distributed/elastic/multiprocessing/api.py", line 84, in _terminate_process_handler
    raise SignalException(f"Process {os.getpid()} got signal: {sigval}", sigval=sigval)
torch.distributed.elastic.multiprocessing.api.SignalException: Process 338010 got signal: 2
