[Step 1] Configuring Git safe directory
Submodule 'third_party/HierarchicalKV' (https://github.com/NVIDIA-Merlin/HierarchicalKV.git) registered for path 'third_party/HierarchicalKV'
Submodule 'third_party/cutlass' (https://github.com/NVIDIA/cutlass.git) registered for path 'third_party/cutlass'
Cloning into '/workspace/recsys-examples/third_party/HierarchicalKV'...
Cloning into '/workspace/recsys-examples/third_party/cutlass'...
Submodule path 'third_party/HierarchicalKV': checked out '012237dd64647cc94797e8270cacf11fe7032fd7'
Submodule 'tests/googletest' (https://github.com/google/googletest.git) registered for path 'third_party/HierarchicalKV/tests/googletest'
Cloning into '/workspace/recsys-examples/third_party/HierarchicalKV/tests/googletest'...
Submodule path 'third_party/HierarchicalKV/tests/googletest': checked out '0e0d9feefab1b51aaab9dfd70132e93c0b6964e5'
Submodule path 'third_party/cutlass': checked out '7d49e6c7e2f8896c47f586706e67e1fb215529dc'
[Step 2] Installing dynamicemb...
INFO:root:running clean
WARNING:root:'build/lib.linux-x86_64-cpython-312' does not exist -- can't clean it
WARNING:root:'build/bdist.linux-x86_64' does not exist -- can't clean it
WARNING:root:'build/scripts-3.12' does not exist -- can't clean it
torchrec version 1.2.0 is installed.
DEPRECATION: Loading egg at /usr/local/lib/python3.12/dist-packages/dill-0.3.9-py3.12.egg is deprecated. pip 25.1 will enforce this behaviour change. A possible replacement is to use pip for package installation. Discussion can be found at https://github.com/pypa/pip/issues/12330
DEPRECATION: Loading egg at /usr/local/lib/python3.12/dist-packages/igraph-0.11.8-py3.12-linux-x86_64.egg is deprecated. pip 25.1 will enforce this behaviour change. A possible replacement is to use pip for package installation. Discussion can be found at https://github.com/pypa/pip/issues/12330
DEPRECATION: Loading egg at /usr/local/lib/python3.12/dist-packages/looseversion-1.3.0-py3.12.egg is deprecated. pip 25.1 will enforce this behaviour change. A possible replacement is to use pip for package installation. Discussion can be found at https://github.com/pypa/pip/issues/12330
DEPRECATION: Loading egg at /usr/local/lib/python3.12/dist-packages/lightning_thunder-0.2.0.dev0-py3.12.egg is deprecated. pip 25.1 will enforce this behaviour change. A possible replacement is to use pip for package installation. Discussion can be found at https://github.com/pypa/pip/issues/12330
DEPRECATION: Loading egg at /usr/local/lib/python3.12/dist-packages/opt_einsum-3.4.0-py3.12.egg is deprecated. pip 25.1 will enforce this behaviour change. A possible replacement is to use pip for package installation. Discussion can be found at https://github.com/pypa/pip/issues/12330
DEPRECATION: Loading egg at /usr/local/lib/python3.12/dist-packages/lightning_utilities-0.11.8-py3.12.egg is deprecated. pip 25.1 will enforce this behaviour change. A possible replacement is to use pip for package installation. Discussion can be found at https://github.com/pypa/pip/issues/12330
DEPRECATION: Loading egg at /usr/local/lib/python3.12/dist-packages/nvfuser-0.2.13a0+0d33366-py3.12-linux-x86_64.egg is deprecated. pip 25.1 will enforce this behaviour change. A possible replacement is to use pip for package installation. Discussion can be found at https://github.com/pypa/pip/issues/12330
DEPRECATION: Loading egg at /usr/local/lib/python3.12/dist-packages/texttable-1.7.0-py3.12.egg is deprecated. pip 25.1 will enforce this behaviour change. A possible replacement is to use pip for package installation. Discussion can be found at https://github.com/pypa/pip/issues/12330
Looking in indexes: https://pypi.org/simple, https://pypi.ngc.nvidia.com
Obtaining file:///workspace/recsys-examples/corelib/dynamicemb
  Preparing metadata (setup.py): started
  Preparing metadata (setup.py): finished with status 'done'
Requirement already satisfied: torch in /usr/local/lib/python3.12/dist-packages (from dynamicemb==0.0.1) (2.6.0a0+df5bbc09d1.nv24.11)
Requirement already satisfied: filelock in /usr/local/lib/python3.12/dist-packages (from torch->dynamicemb==0.0.1) (3.16.1)
Requirement already satisfied: typing-extensions>=4.8.0 in /usr/local/lib/python3.12/dist-packages (from torch->dynamicemb==0.0.1) (4.12.2)
Requirement already satisfied: networkx in /usr/local/lib/python3.12/dist-packages (from torch->dynamicemb==0.0.1) (3.4.2)
Requirement already satisfied: jinja2 in /usr/local/lib/python3.12/dist-packages (from torch->dynamicemb==0.0.1) (3.1.4)
Requirement already satisfied: fsspec in /usr/local/lib/python3.12/dist-packages (from torch->dynamicemb==0.0.1) (2024.10.0)
Requirement already satisfied: setuptools in /usr/local/lib/python3.12/dist-packages (from torch->dynamicemb==0.0.1) (69.5.1)
Requirement already satisfied: sympy==1.13.1 in /usr/local/lib/python3.12/dist-packages (from torch->dynamicemb==0.0.1) (1.13.1)
Requirement already satisfied: mpmath<1.4,>=1.1.0 in /usr/local/lib/python3.12/dist-packages (from sympy==1.13.1->torch->dynamicemb==0.0.1) (1.3.0)
Requirement already satisfied: MarkupSafe>=2.0 in /usr/local/lib/python3.12/dist-packages (from jinja2->torch->dynamicemb==0.0.1) (3.0.2)
Installing collected packages: dynamicemb
  DEPRECATION: Legacy editable install of dynamicemb==0.0.1 from file:///workspace/recsys-examples/corelib/dynamicemb (setup.py develop) is deprecated. pip 25.0 will enforce this behaviour change. A possible replacement is to add a pyproject.toml or enable --use-pep517, and use setuptools >= 64. If the resulting installation is not behaving as expected, try using --config-settings editable_mode=compat. Please consult the setuptools documentation for more information. Discussion can be found at https://github.com/pypa/pip/issues/11457
  Running setup.py develop for dynamicemb
Successfully installed dynamicemb-0.0.1
WARNING: Running pip as the 'root' user can result in broken permissions and conflicting behaviour with the system package manager, possibly rendering your system unusable.It is recommended to use a virtual environment instead: https://pip.pypa.io/warnings/venv. Use the --root-user-action option if you know what you are doing and want to suppress this warning.

[notice] A new release of pip is available: 24.3.1 -> 25.2
[notice] To update, run: python -m pip install --upgrade pip
[Step 3] Installing hstu...


torch.__version__  = 2.6.0a0+df5bbc09d1.nv24.11


running clean
'build/lib.linux-x86_64-cpython-312' does not exist -- can't clean it
'build/bdist.linux-x86_64' does not exist -- can't clean it
'build/scripts-3.12' does not exist -- can't clean it
DEPRECATION: Loading egg at /usr/local/lib/python3.12/dist-packages/dill-0.3.9-py3.12.egg is deprecated. pip 25.1 will enforce this behaviour change. A possible replacement is to use pip for package installation. Discussion can be found at https://github.com/pypa/pip/issues/12330
DEPRECATION: Loading egg at /usr/local/lib/python3.12/dist-packages/igraph-0.11.8-py3.12-linux-x86_64.egg is deprecated. pip 25.1 will enforce this behaviour change. A possible replacement is to use pip for package installation. Discussion can be found at https://github.com/pypa/pip/issues/12330
DEPRECATION: Loading egg at /usr/local/lib/python3.12/dist-packages/looseversion-1.3.0-py3.12.egg is deprecated. pip 25.1 will enforce this behaviour change. A possible replacement is to use pip for package installation. Discussion can be found at https://github.com/pypa/pip/issues/12330
DEPRECATION: Loading egg at /usr/local/lib/python3.12/dist-packages/lightning_thunder-0.2.0.dev0-py3.12.egg is deprecated. pip 25.1 will enforce this behaviour change. A possible replacement is to use pip for package installation. Discussion can be found at https://github.com/pypa/pip/issues/12330
DEPRECATION: Loading egg at /usr/local/lib/python3.12/dist-packages/opt_einsum-3.4.0-py3.12.egg is deprecated. pip 25.1 will enforce this behaviour change. A possible replacement is to use pip for package installation. Discussion can be found at https://github.com/pypa/pip/issues/12330
DEPRECATION: Loading egg at /usr/local/lib/python3.12/dist-packages/lightning_utilities-0.11.8-py3.12.egg is deprecated. pip 25.1 will enforce this behaviour change. A possible replacement is to use pip for package installation. Discussion can be found at https://github.com/pypa/pip/issues/12330
DEPRECATION: Loading egg at /usr/local/lib/python3.12/dist-packages/nvfuser-0.2.13a0+0d33366-py3.12-linux-x86_64.egg is deprecated. pip 25.1 will enforce this behaviour change. A possible replacement is to use pip for package installation. Discussion can be found at https://github.com/pypa/pip/issues/12330
DEPRECATION: Loading egg at /usr/local/lib/python3.12/dist-packages/texttable-1.7.0-py3.12.egg is deprecated. pip 25.1 will enforce this behaviour change. A possible replacement is to use pip for package installation. Discussion can be found at https://github.com/pypa/pip/issues/12330
Looking in indexes: https://pypi.org/simple, https://pypi.ngc.nvidia.com
Obtaining file:///workspace/recsys-examples/corelib/hstu
  Preparing metadata (setup.py): started
  Preparing metadata (setup.py): finished with status 'done'
Requirement already satisfied: torch in /usr/local/lib/python3.12/dist-packages (from hstu_attn==0.1.0+cu12.6) (2.6.0a0+df5bbc09d1.nv24.11)
Requirement already satisfied: einops in /usr/local/lib/python3.12/dist-packages (from hstu_attn==0.1.0+cu12.6) (0.8.0)
Requirement already satisfied: packaging in /usr/local/lib/python3.12/dist-packages (from hstu_attn==0.1.0+cu12.6) (25.0)
Requirement already satisfied: ninja in /usr/local/lib/python3.12/dist-packages (from hstu_attn==0.1.0+cu12.6) (1.11.1.1)
Requirement already satisfied: filelock in /usr/local/lib/python3.12/dist-packages (from torch->hstu_attn==0.1.0+cu12.6) (3.16.1)
Requirement already satisfied: typing-extensions>=4.8.0 in /usr/local/lib/python3.12/dist-packages (from torch->hstu_attn==0.1.0+cu12.6) (4.12.2)
Requirement already satisfied: networkx in /usr/local/lib/python3.12/dist-packages (from torch->hstu_attn==0.1.0+cu12.6) (3.4.2)
Requirement already satisfied: jinja2 in /usr/local/lib/python3.12/dist-packages (from torch->hstu_attn==0.1.0+cu12.6) (3.1.4)
Requirement already satisfied: fsspec in /usr/local/lib/python3.12/dist-packages (from torch->hstu_attn==0.1.0+cu12.6) (2024.10.0)
Requirement already satisfied: setuptools in /usr/local/lib/python3.12/dist-packages (from torch->hstu_attn==0.1.0+cu12.6) (69.5.1)
Requirement already satisfied: sympy==1.13.1 in /usr/local/lib/python3.12/dist-packages (from torch->hstu_attn==0.1.0+cu12.6) (1.13.1)
Requirement already satisfied: mpmath<1.4,>=1.1.0 in /usr/local/lib/python3.12/dist-packages (from sympy==1.13.1->torch->hstu_attn==0.1.0+cu12.6) (1.3.0)
Requirement already satisfied: MarkupSafe>=2.0 in /usr/local/lib/python3.12/dist-packages (from jinja2->torch->hstu_attn==0.1.0+cu12.6) (3.0.2)
Installing collected packages: hstu_attn
  DEPRECATION: Legacy editable install of hstu_attn==0.1.0+cu12.6 from file:///workspace/recsys-examples/corelib/hstu (setup.py develop) is deprecated. pip 25.0 will enforce this behaviour change. A possible replacement is to add a pyproject.toml or enable --use-pep517, and use setuptools >= 64. If the resulting installation is not behaving as expected, try using --config-settings editable_mode=compat. Please consult the setuptools documentation for more information. Discussion can be found at https://github.com/pypa/pip/issues/11457
  Running setup.py develop for hstu_attn
Successfully installed hstu_attn-0.1.0+cu12.6
WARNING: Running pip as the 'root' user can result in broken permissions and conflicting behaviour with the system package manager, possibly rendering your system unusable.It is recommended to use a virtual environment instead: https://pip.pypa.io/warnings/venv. Use the --root-user-action option if you know what you are doing and want to suppress this warning.

[notice] A new release of pip is available: 24.3.1 -> 25.2
[notice] To update, run: python -m pip install --upgrade pip
[Step 4] Installing hstu examples...
running clean
'build/lib.linux-x86_64-cpython-312' does not exist -- can't clean it
'build/bdist.linux-x86_64' does not exist -- can't clean it
'build/scripts-3.12' does not exist -- can't clean it
DEPRECATION: Loading egg at /usr/local/lib/python3.12/dist-packages/dill-0.3.9-py3.12.egg is deprecated. pip 25.1 will enforce this behaviour change. A possible replacement is to use pip for package installation. Discussion can be found at https://github.com/pypa/pip/issues/12330
DEPRECATION: Loading egg at /usr/local/lib/python3.12/dist-packages/igraph-0.11.8-py3.12-linux-x86_64.egg is deprecated. pip 25.1 will enforce this behaviour change. A possible replacement is to use pip for package installation. Discussion can be found at https://github.com/pypa/pip/issues/12330
DEPRECATION: Loading egg at /usr/local/lib/python3.12/dist-packages/looseversion-1.3.0-py3.12.egg is deprecated. pip 25.1 will enforce this behaviour change. A possible replacement is to use pip for package installation. Discussion can be found at https://github.com/pypa/pip/issues/12330
DEPRECATION: Loading egg at /usr/local/lib/python3.12/dist-packages/lightning_thunder-0.2.0.dev0-py3.12.egg is deprecated. pip 25.1 will enforce this behaviour change. A possible replacement is to use pip for package installation. Discussion can be found at https://github.com/pypa/pip/issues/12330
DEPRECATION: Loading egg at /usr/local/lib/python3.12/dist-packages/opt_einsum-3.4.0-py3.12.egg is deprecated. pip 25.1 will enforce this behaviour change. A possible replacement is to use pip for package installation. Discussion can be found at https://github.com/pypa/pip/issues/12330
DEPRECATION: Loading egg at /usr/local/lib/python3.12/dist-packages/lightning_utilities-0.11.8-py3.12.egg is deprecated. pip 25.1 will enforce this behaviour change. A possible replacement is to use pip for package installation. Discussion can be found at https://github.com/pypa/pip/issues/12330
DEPRECATION: Loading egg at /usr/local/lib/python3.12/dist-packages/nvfuser-0.2.13a0+0d33366-py3.12-linux-x86_64.egg is deprecated. pip 25.1 will enforce this behaviour change. A possible replacement is to use pip for package installation. Discussion can be found at https://github.com/pypa/pip/issues/12330
DEPRECATION: Loading egg at /usr/local/lib/python3.12/dist-packages/texttable-1.7.0-py3.12.egg is deprecated. pip 25.1 will enforce this behaviour change. A possible replacement is to use pip for package installation. Discussion can be found at https://github.com/pypa/pip/issues/12330
Looking in indexes: https://pypi.org/simple, https://pypi.ngc.nvidia.com
Obtaining file:///workspace/recsys-examples/examples/hstu
  Preparing metadata (setup.py): started
  Preparing metadata (setup.py): finished with status 'done'
Installing collected packages: hstu_cuda_ops
  DEPRECATION: Legacy editable install of hstu_cuda_ops==0.0.0 from file:///workspace/recsys-examples/examples/hstu (setup.py develop) is deprecated. pip 25.0 will enforce this behaviour change. A possible replacement is to add a pyproject.toml or enable --use-pep517, and use setuptools >= 64. If the resulting installation is not behaving as expected, try using --config-settings editable_mode=compat. Please consult the setuptools documentation for more information. Discussion can be found at https://github.com/pypa/pip/issues/11457
  Running setup.py develop for hstu_cuda_ops
Successfully installed hstu_cuda_ops-0.0.0
WARNING: Running pip as the 'root' user can result in broken permissions and conflicting behaviour with the system package manager, possibly rendering your system unusable.It is recommended to use a virtual environment instead: https://pip.pypa.io/warnings/venv. Use the --root-user-action option if you know what you are doing and want to suppress this warning.

[notice] A new release of pip is available: 24.3.1 -> 25.2
[notice] To update, run: python -m pip install --upgrade pip
Clean build and installation completed successfully.
